<?xml version="1.0" encoding="utf-8"?><testsuites name="pytest tests"><testsuite name="pytest" errors="0" failures="0" skipped="1" tests="230" time="161.906" timestamp="2026-09-04T15:44:40.553642+00:00" hostname="agent-env-e67ab5cf-26bc-4a46-a8f0-8db1a3adb3dd"><testcase classname="tests.backend_test.TestClients" name="test_list_clients_staff" time="1.715" /><testcase classname="tests.backend_test.TestDocuments" name="test_upload_pdf_as_client" time="2.898" /><testcase classname="tests.backend_test.TestClients" name="test_client_cannot_list_clients" time="2.423" /><testcase classname="tests.backend_test.TestClients" name="test_create_client_and_verify" time="1.174" /><testcase classname="tests.backend_test.TestDocuments" name="test_list_documents_scoped" time="2.117" /><testcase classname="tests.backend_test.TestDocuments" name="test_other_client_cannot_access" time="0.877" /><testcase classname="tests.backend_test.TestClients" name="test_create_duplicate_client_409" time="0.278" /><testcase classname="tests.backend_test.TestClients" name="test_create_client_invalid_payload_422" time="0.185" /><testcase classname="tests.backend_test.TestClients" name="test_list_staff" time="0.284" /><testcase classname="tests.backend_test.TestDocuments" name="test_download_url_mode" time="0.281" /><testcase classname="tests.backend_test.TestClients" name="test_create_staff_and_login" time="1.818" /><testcase classname="tests.backend_test.TestDocuments" name="test_download_binary" time="1.005" /><testcase classname="tests.backend_test.TestDocuments" name="test_ai_analysis_completes" time="11.443" /><testcase classname="tests.backend_test.TestClients" name="test_create_staff_invalid_role_422" time="0.186" /><testcase classname="tests.backend_test.TestClients" name="test_create_staff_with_client_role_rejected" time="0.187" /><testcase classname="tests.backend_test.TestClients" name="test_patch_and_delete_client" time="1.860" /><testcase classname="tests.backend_test.TestClients" name="test_delete_unknown_404" time="0.281" /><testcase classname="tests.backend_test.TestClients" name="test_delete_own_account_rejected" time="1.973" /><testcase classname="tests.backend_test.TestAuth" name="test_login_returns_needs_otp_and_dev_otp" time="0.632" /><testcase classname="tests.backend_test.TestAuth" name="test_verify_otp_returns_token_and_user" time="1.161" /><testcase classname="tests.backend_test.TestAuth" name="test_invalid_password_401" time="0.460" /><testcase classname="tests.backend_test.TestAuth" name="test_unknown_email_401" time="0.250" /><testcase classname="tests.backend_test.TestAuth" name="test_wrong_otp_code_400" time="0.818" /><testcase classname="tests.backend_test.TestAuth" name="test_invalid_session_token_400" time="0.245" /><testcase classname="tests.backend_test.TestAuth" name="test_otp_single_use" time="1.462" /><testcase classname="tests.backend_test.TestAuth" name="test_me_with_valid_token" time="0.188" /><testcase classname="tests.backend_test.TestAuth" name="test_me_without_token_401" time="0.225" /><testcase classname="tests.backend_test.TestAuth" name="test_me_with_bad_token_401" time="0.143" /><testcase classname="tests.test_iteration3.TestAdminSettings" name="test_get_settings_as_admin" time="1.850" /><testcase classname="tests.test_iteration3.TestAdminSettings" name="test_get_settings_as_superviseur" time="0.283" /><testcase classname="tests.backend_test.TestDocuments" name="test_staff_can_view_client_document" time="2.155" /><testcase classname="tests.backend_test.TestDocuments" name="test_upload_invalid_extension_400" time="0.185" /><testcase classname="tests.backend_test.TestDocuments" name="test_upload_invalid_kind_400" time="0.190" /><testcase classname="tests.backend_test.TestDocuments" name="test_staff_upload_without_tenant_id_400" time="0.161" /><testcase classname="tests.test_iteration3.TestAdminSettings" name="test_get_settings_forbidden_for_comptable" time="1.418" /><testcase classname="tests.backend_test.TestDocuments" name="test_unknown_document_404" time="0.291" /><testcase classname="tests.test_iteration3.TestAdminSettings" name="test_get_settings_forbidden_for_client" time="0.186" /><testcase classname="tests.backend_test.TestDocuments" name="test_zz_delete_document" time="0.744" /><testcase classname="tests.test_iteration3.TestAdminSettings" name="test_get_settings_unauthenticated" time="0.129" /><testcase classname="tests.test_iteration3.TestAdminSettings" name="test_update_settings_and_masking" time="3.368" /><testcase classname="tests.test_iteration4.TestContactsCreate" name="test_create_client_scope_contact" time="0.665" /><testcase classname="tests.test_iteration4.TestContactsCreate" name="test_create_client_scope_without_tenant_id_400" time="0.193" /><testcase classname="tests.test_iteration4.TestContactsCreate" name="test_create_client_scope_unknown_tenant_404" time="0.265" /><testcase classname="tests.test_iteration4.TestContactsCreate" name="test_create_cabinet_scope_no_tenant_needed" time="0.302" /><testcase classname="tests.test_iteration4.TestContactsCreate" name="test_create_requires_email_or_phone" time="0.264" /><testcase classname="tests.test_iteration4.TestContactsCreate" name="test_create_as_client_forbidden" time="0.187" /><testcase classname="tests.test_iteration4.TestContactsCreate" name="test_create_invalid_function_rejected" time="0.191" /><testcase classname="tests.test_iteration4.TestContactsCreate" name="test_create_invalid_channel_rejected" time="0.170" /><testcase classname="tests.test_iteration4.TestContactsCreate" name="test_create_invalid_scope_rejected" time="0.187" /><testcase classname="tests.test_iteration4.TestContactsCreate" name="test_create_invalid_email_rejected" time="0.158" /><testcase classname="tests.test_iteration3.TestAdminSettings" name="test_update_settings_forbidden_for_comptable" time="0.173" /><testcase classname="tests.test_iteration3.TestAdminSettings" name="test_wa_test_disabled_returns_ok_false" time="0.401" /><testcase classname="tests.test_iteration3.TestAdminSettings" name="test_wa_test_rejects_bad_phone" time="0.206" /><testcase classname="tests.test_iteration3.TestAdminSettings" name="test_wa_test_forbidden_for_client" time="0.277" /><testcase classname="tests.test_reports_notifications.TestCronWebhook" name="test_secret_present" time="0.000" /><testcase classname="tests.test_reports_notifications.TestCronWebhook" name="test_no_auth_header_401" time="0.192" /><testcase classname="tests.test_reports_notifications.TestCronWebhook" name="test_wrong_token_401" time="0.165" /><testcase classname="tests.test_reports_notifications.TestCronWebhook" name="test_malformed_scheme_401" time="0.165" /><testcase classname="tests.test_iteration4.TestReportSendRouting" name="test_send_with_no_eligible_contacts_400" time="2.202" /><testcase classname="tests.test_reports_notifications.TestCronWebhook" name="test_valid_token_and_idempotency" time="0.625" /><testcase classname="tests.test_iteration4.TestReportSendRouting" name="test_send_skips_optout_contacts" time="0.855" /><testcase classname="tests.test_reports_notifications.TestCronWebhook" name="test_valid_token_without_webhook_id" time="0.181" /><testcase classname="tests.test_reports_notifications.TestCronWebhook" name="test_trigger_as_staff" time="0.396" /><testcase classname="tests.test_reports_notifications.TestCronWebhook" name="test_trigger_as_client_forbidden" time="0.168" /><testcase classname="tests.test_iteration4.TestReportSendRouting" name="test_send_skips_wa_only_contacts" time="0.832" /><testcase classname="tests.test_reports_notifications.TestCronWebhook" name="test_trigger_requires_auth" time="0.147" /><testcase classname="tests.test_rbac_edge.TestRbacEdge" name="test_non_superviseur_staff_has_staff_access" time="2.206" /><testcase classname="tests.test_iteration4.TestReportSendRouting" name="test_send_skips_inactive_contacts" time="1.344" /><testcase classname="tests.test_iteration4.TestReportSendRouting" name="test_send_to_contacts_cross_tenant_filtered" time="0.862" /><testcase classname="tests.test_rbac_edge.TestRbacEdge" name="test_client_forbidden_on_staff_routes" time="0.944" /><testcase classname="tests.test_iteration4.TestReportSendRouting" name="test_send_with_explicit_to" time="1.201" /><testcase classname="tests.test_rbac_edge.TestRbacEdge" name="test_client_cannot_patch_or_delete_mission" time="0.952" /><testcase classname="tests.test_iteration4.TestReportSendRouting" name="test_send_to_eligible_contacts" time="2.080" /><testcase classname="tests.test_rbac_edge.TestRbacEdge" name="test_client_cannot_patch_echeance" time="0.935" /><testcase classname="tests.test_iteration4.TestReportSendRouting" name="test_send_default_falls_back_to_client_email" time="5.130"><skipped type="pytest.skip" message="proxy email a rejeté client2@albarka-demo.bf (undeliverable_recipient / 429)">/app/backend/tests/test_iteration4.py:490: proxy email a rejeté client2@albarka-demo.bf (undeliverable_recipient / 429)</skipped></testcase><testcase classname="tests.test_rbac_edge.TestRbacEdge" name="test_client_cannot_spoof_tenant_on_upload" time="2.922" /><testcase classname="tests.test_rbac_edge.TestRbacEdge" name="test_deactivated_account_cannot_login_or_use_token" time="2.899" /><testcase classname="tests.test_rbac_edge.TestRbacEdge" name="test_token_of_deleted_user_rejected" time="2.338" /><testcase classname="tests.test_iteration4.TestReportSendRouting" name="test_send_as_client_forbidden" time="4.105" /><testcase classname="tests.test_rbac_edge.TestRbacEdge" name="test_patch_client_empty_payload_400" time="1.855" /><testcase classname="tests.test_iteration3.TestReportNumbering" name="test_sequence_per_client_type_month" time="5.600" /><testcase classname="tests.backend_test.TestMissions" name="test_staff_sees_all_missions" time="0.292" /><testcase classname="tests.backend_test.TestMissions" name="test_create_mission_and_scoping" time="1.694" /><testcase classname="tests.backend_test.TestMissions" name="test_client_cannot_create_mission" time="0.199" /><testcase classname="tests.backend_test.TestMissions" name="test_patch_mission_status" time="1.014" /><testcase classname="tests.backend_test.TestMissions" name="test_invalid_mission_type_422" time="0.184" /><testcase classname="tests.backend_test.TestMissions" name="test_patch_unknown_mission_404" time="0.270" /><testcase classname="tests.backend_test.TestMissions" name="test_delete_mission" time="2.713" /><testcase classname="tests.test_iteration3.TestReportNumbering" name="test_different_client_same_month_starts_at_one" time="1.850" /><testcase classname="tests.test_iteration3.TestReportListDownloadIsolation" name="test_list_sorted_desc_and_filters" time="2.918" /><testcase classname="tests.test_iteration3.TestReportNumbering" name="test_default_month_is_current" time="1.739" /><testcase classname="tests.test_iteration3.TestReportNumbering" name="test_invalid_kind_400" time="0.185" /><testcase classname="tests.test_iteration3.TestReportNumbering" name="test_invalid_month_400" time="0.183" /><testcase classname="tests.test_iteration3.TestReportListDownloadIsolation" name="test_client_cannot_list_other_tenant" time="0.205" /><testcase classname="tests.test_iteration3.TestReportNumbering" name="test_unknown_client_404" time="0.318" /><testcase classname="tests.test_iteration3.TestReportListDownloadIsolation" name="test_download_pdf" time="2.399" /><testcase classname="tests.test_iteration3.TestReportNumbering" name="test_client_cannot_generate" time="3.853" /><testcase classname="tests.test_iteration3.TestReportListDownloadIsolation" name="test_download_pdf_contains_number_and_kind" time="2.475" /><testcase classname="tests.test_reports_notifications.TestClientReportPdf" name="test_report_as_superviseur" time="0.701" /><testcase classname="tests.test_reports_notifications.TestClientReportPdf" name="test_report_content_parseable" time="0.768" /><testcase classname="tests.test_iteration3.TestReportListDownloadIsolation" name="test_download_cross_tenant_403" time="0.557" /><testcase classname="tests.test_iteration3.TestReportListDownloadIsolation" name="test_download_unknown_404" time="0.302" /><testcase classname="tests.test_reports_notifications.TestClientReportPdf" name="test_report_as_comptable_multirole" time="0.739" /><testcase classname="tests.test_iteration3.TestReportListDownloadIsolation" name="test_download_unauthenticated_401" time="3.297" /><testcase classname="tests.test_reports_notifications.TestClientReportPdf" name="test_report_as_own_client" time="0.706" /><testcase classname="tests.test_reports_notifications.TestClientReportPdf" name="test_report_other_tenant_forbidden" time="0.186" /><testcase classname="tests.test_reports_notifications.TestClientReportPdf" name="test_report_unknown_tenant_404" time="0.281" /><testcase classname="tests.test_reports_notifications.TestClientReportPdf" name="test_report_requires_auth" time="0.164" /><testcase classname="tests.test_iteration4.TestContactsUpdateDelete" name="test_patch_fields_persist" time="1.236" /><testcase classname="tests.test_iteration4.TestContactsUpdateDelete" name="test_patch_invalid_enums" time="0.755" /><testcase classname="tests.test_iteration3.TestReportSendSignDelete" name="test_send_report_email" time="3.502" /><testcase classname="tests.test_iteration4.TestContactsUpdateDelete" name="test_patch_unknown_id_404" time="0.290" /><testcase classname="tests.test_iteration4.TestContactsUpdateDelete" name="test_client_cannot_patch_or_delete" time="0.753" /><testcase classname="tests.test_iteration4.TestContactsUpdateDelete" name="test_delete_removes_contact" time="1.423" /><testcase classname="tests.test_iteration4.TestContactsUpdateDelete" name="test_comptable_can_manage" time="2.003" /><testcase classname="tests.test_iteration3.TestReportSendSignDelete" name="test_send_client_forbidden" time="0.490" /><testcase classname="tests.test_iteration3.TestReportSendSignDelete" name="test_send_unknown_404" time="0.268" /><testcase classname="tests.test_iteration3.TestReportSendSignDelete" name="test_sign_then_double_sign_then_delete" time="6.106" /><testcase classname="tests.test_iteration6_migrate.TestMigrateGuards" name="test_no_token_rejected" time="0.187" /><testcase classname="tests.test_iteration6_migrate.TestMigrateGuards" name="test_client_forbidden" time="0.180" /><testcase classname="tests.test_iteration6_migrate.TestMigrateGuards" name="test_wrong_confirm_token" time="0.183" /><testcase classname="tests.test_iteration6_migrate.TestMigrateGuards" name="test_target_same_as_source" time="0.174" /><testcase classname="tests.test_iteration6_migrate.TestMigrateGuards" name="test_invalid_payload_422" time="0.178" /><testcase classname="tests.test_iteration6_migrate.TestMigrateGuards" name="test_unreachable_target_502" time="15.195" /><testcase classname="tests.test_iteration3.TestReportSendSignDelete" name="test_sign_validation_error" time="0.443" /><testcase classname="tests.test_iteration3.TestReportSendSignDelete" name="test_client_cannot_sign_or_delete" time="1.777" /><testcase classname="tests.test_reports_notifications.TestManualNotify" name="test_notify_as_staff" time="0.679" /><testcase classname="tests.test_reports_notifications.TestManualNotify" name="test_notify_as_comptable_multirole" time="1.663" /><testcase classname="tests.test_reports_notifications.TestManualNotify" name="test_notify_as_client_forbidden" time="0.172" /><testcase classname="tests.test_reports_notifications.TestManualNotify" name="test_notify_unknown_id_404" time="0.267" /><testcase classname="tests.test_reports_notifications.TestManualNotify" name="test_notify_requires_auth" time="0.464" /><testcase classname="tests.test_iteration3.TestNotificationGates" name="test_notify_echeance_skips_inactive_and_unauthorized" time="3.217" /><testcase classname="tests.test_iteration3.TestNotificationGates" name="test_send_whatsapp_returns_none_when_disabled" time="1.336" /><testcase classname="tests.test_iteration3.TestNotificationGates" name="test_send_whatsapp_returns_none_when_enabled_but_unconfigured" time="1.382" /><testcase classname="tests.backend_test.TestEcheances" name="test_list_staff_and_client_scoping" time="1.532" /><testcase classname="tests.test_iteration3.TestNotificationGates" name="test_notify_upload_filters_unauthorized_staff" time="0.422" /><testcase classname="tests.test_iteration4.TestContactsIsolation" name="test_client_sees_only_own" time="1.307" /><testcase classname="tests.backend_test.TestEcheances" name="test_client_cannot_create_echeance" time="0.177" /><testcase classname="tests.backend_test.TestEcheances" name="test_patch_echeance_status" time="0.969" /><testcase classname="tests.test_iteration4.TestContactsIsolation" name="test_client_cannot_force_cabinet_scope" time="0.549" /><testcase classname="tests.backend_test.TestEcheances" name="test_invalid_echeance_type_422" time="0.186" /><testcase classname="tests.backend_test.TestEcheances" name="test_delete_echeance" time="2.734" /><testcase classname="tests.test_iteration4.TestContactsIsolation" name="test_staff_filters" time="0.536" /><testcase classname="tests.test_iteration4.TestContactsIsolation" name="test_unauthenticated_rejected" time="1.385" /><testcase classname="tests.test_iteration5.TestBranding" name="test_upload_and_toggle_and_delete" time="6.403" /><testcase classname="tests.test_iteration5.TestContactsImport" name="test_csv_import" time="1.772" /><testcase classname="tests.test_iteration5.TestContactsImport" name="test_import_template_download" time="0.210" /><testcase classname="tests.test_iteration5.TestContactsImport" name="test_bad_scope" time="0.191" /><testcase classname="tests.test_iteration5.TestContactsImport" name="test_client_forbidden" time="0.191" /><testcase classname="tests.test_iteration6_migrate.TestDiagDb" name="test_no_token_rejected" time="0.169" /><testcase classname="tests.test_iteration6_migrate.TestDiagDb" name="test_bad_token_rejected" time="0.140" /><testcase classname="tests.test_iteration6_migrate.TestDiagDb" name="test_client_forbidden" time="0.176" /><testcase classname="tests.test_iteration6_migrate.TestDiagDb" name="test_superviseur_gets_same_payload" time="2.134" /><testcase classname="tests.test_iteration6_migrate.TestInventoryRbac" name="test_no_token_rejected" time="0.167" /><testcase classname="tests.test_iteration6_migrate.TestInventoryRbac" name="test_bad_token_rejected" time="0.122" /><testcase classname="tests.test_iteration6_migrate.TestInventoryRbac" name="test_client_forbidden" time="0.181" /><testcase classname="tests.test_iteration6_migrate.TestInventoryRbac" name="test_superviseur_inventory" time="2.238" /><testcase classname="tests.test_iteration5.TestBranding" name="test_bad_kind" time="0.168" /><testcase classname="tests.test_iteration5.TestBranding" name="test_bad_mime" time="0.175" /><testcase classname="tests.test_iteration5.TestBranding" name="test_client_forbidden" time="0.170" /><testcase classname="tests.backend_test.TestDashboard" name="test_summary_staff" time="0.994" /><testcase classname="tests.backend_test.TestDashboard" name="test_summary_client_scoped" time="0.780" /><testcase classname="tests.test_reports_notifications.TestMultiRole" name="test_superviseur_roles_and_access" time="2.130" /><testcase classname="tests.backend_test.TestDashboard" name="test_activity" time="0.481" /><testcase classname="tests.test_iteration4.TestContactsPrimary" name="test_auto_demote_on_create" time="1.255" /><testcase classname="tests.test_iteration4.TestContactsPrimary" name="test_patch_primary_demotes_others" time="1.854" /><testcase classname="tests.test_reports_notifications.TestMultiRole" name="test_comptable_cumulative_roles" time="1.091" /><testcase classname="tests.test_reports_notifications.TestMultiRole" name="test_client_cannot_list_staff" time="0.213" /><testcase classname="tests.test_reports_notifications.TestMultiRole" name="test_client_scoped_data" time="0.287" /><testcase classname="tests.test_iteration4.TestNotifyUploadWhatsAppGuardrail" name="test_wa_optin_but_wa_disabled_silent_skip" time="2.258" /><testcase classname="tests.test_iteration4.TestContactsPrimary" name="test_primary_scoped_per_tenant" time="0.541" /><testcase classname="tests.test_iteration4.TestSettingsEmailDomain" name="test_put_and_get_email_fields" time="1.519" /><testcase classname="tests.test_iteration4.TestSettingsEmailDomain" name="test_wa_token_still_masked" time="0.264" /><testcase classname="tests.test_iteration4.TestNotifyUploadWhatsAppGuardrail" name="test_wa_optout_never_attempts_wa" time="1.687" /><testcase classname="tests.test_iteration4.TestSettingsEmailDomain" name="test_client_cannot_read_settings" time="1.327" /><testcase classname="tests.test_iteration5.TestCertificates" name="test_create_activate_delete" time="2.303" /><testcase classname="tests.test_iteration4.TestNotifyUploadWhatsAppGuardrail" name="test_notif_upload_disabled_short_circuits" time="1.473" /><testcase classname="tests.test_iteration5.TestReportPreview" name="test_preview_returns_png" time="1.086" /><testcase classname="tests.test_iteration5.TestCertificates" name="test_short_passphrase_rejected" time="0.196" /><testcase classname="tests.test_iteration5.TestCertificates" name="test_client_forbidden" time="0.186" /><testcase classname="tests.test_iteration5.TestScheduledWa" name="test_schedule_and_cancel" time="3.850" /><testcase classname="tests.test_iteration5.TestReportPreview" name="test_preview_with_template" time="1.642" /><testcase classname="tests.test_iteration5.TestReportPreview" name="test_preview_client_forbidden" time="0.180" /><testcase classname="tests.test_iteration6_migrate.TestSelectiveAndIdempotence" name="test_only_collections_scope" time="1.577" /><testcase classname="tests.test_iteration6_migrate.TestSelectiveAndIdempotence" name="test_skip_collections_scope" time="3.044" /><testcase classname="tests.test_iteration5.TestScheduledWa" name="test_reject_past_date" time="2.633" /><testcase classname="tests.test_iteration5.TestScheduledWa" name="test_client_forbidden" time="0.193" /><testcase classname="tests.test_iteration6_migrate.TestSelectiveAndIdempotence" name="test_real_migration_idempotent" time="4.875" /><testcase classname="tests.backend_test.TestMisc" name="test_storage_mode_meta_route" time="0.170" /><testcase classname="tests.backend_test.TestMisc" name="test_documents_requires_auth" time="0.161" /><testcase classname="tests.test_iteration3.TestAdminAccount" name="test_admin_login_and_roles" time="1.239" /><testcase classname="tests.test_iteration3.TestAdminAccount" name="test_seed_accounts_present" time="0.206" /><testcase classname="tests.test_iteration3.TestNotifyUpload" name="test_client_upload_triggers_notify_upload" time="9.850" /><testcase classname="tests.backend_test.TestHealth" name="test_health" time="0.140" /><testcase classname="tests.backend_test.TestHealth" name="test_root" time="0.173" /><testcase classname="tests.test_iteration5.TestReportTemplates" name="test_crud_and_default_toggle" time="2.063" /><testcase classname="tests.test_iteration5.TestReportTemplates" name="test_client_cannot_manage" time="0.174" /><testcase classname="tests.test_iteration5.TestContactGroups" name="test_client_scope_and_cabinet_scope" time="2.471" /><testcase classname="tests.test_iteration5.TestContactGroups" name="test_client_isolation" time="0.950" /><testcase classname="tests.test_iteration5.TestReportPipelineWithTemplate" name="test_generate_with_template_id" time="3.684" /><testcase classname="tests.test_iteration3.TestNotifyUpload" name="test_staff_upload_does_not_notify" time="1.641" /><testcase classname="tests.test_iteration4.TestSendEmailPayloadUsesSettings" name="test_payload_fields" time="1.470" /><testcase classname="tests.test_iteration5.TestReportPipelineWithTemplate" name="test_send_to_groups" time="5.578" /><testcase classname="tests.test_iteration4.TestSendEmailPayloadUsesSettings" name="test_explicit_reply_to_overrides_settings" time="1.123" /><testcase classname="tests.test_iteration5.TestSharedDownloadToken" name="test_bad_token_403" time="0.170" /><testcase classname="tests.test_iteration5.TestSharedDownloadToken" name="test_valid_token_downloads" time="2.947" /><testcase classname="tests.test_iteration5.TestWhatsAppReport" name="test_wa_no_recipient_400" time="2.800" /><testcase classname="tests.test_iteration5.TestSignatureAudit" name="test_audit_log_contains_signature" time="6.444" /><testcase classname="tests.test_iteration5.TestWhatsAppReport" name="test_wa_disabled_400" time="3.079" /><testcase classname="tests.test_iteration5.TestBrandingPreview" name="test_upload_and_preview" time="2.256" /><testcase classname="tests.test_iteration5.TestSignatureAudit" name="test_client_forbidden" time="0.175" /><testcase classname="tests.test_iteration5.TestWhatsAppAuditLog" name="test_log_admin_only" time="0.508" /><testcase classname="tests.test_iteration5.TestWhatsAppAuditLog" name="test_log_filters" time="1.191" /><testcase classname="tests.test_iteration5.TestBrandingPreview" name="test_preview_404_when_missing" time="0.558" /><testcase classname="tests.test_iteration5.TestDispatchesWidget" name="test_returns_month_keys" time="0.742" /><testcase classname="tests.test_iteration6_migrate.TestEphemeralSkip" name="test_default_run_skips_otps_and_cron_runs" time="3.215" /><testcase classname="tests.test_iteration5.TestDispatchesWidget" name="test_client_scoped" time="0.680" /><testcase classname="tests.test_iteration6_migrate.TestBackupRedaction" name="test_users_backup_in_tmp_and_redacted" time="2.701" /><testcase classname="tests.test_iteration6_migrate.TestEphemeralSkip" name="test_explicit_only_collections_overrides_skip" time="1.972" /><testcase classname="tests.test_iteration6_migrate.TestBackupRedaction" name="test_no_backups_left_inside_repo" time="0.001" /><testcase classname="tests.test_reports_notifications.TestEmailTransport" name="test_send_email_returns_id" time="1.384" /><testcase classname="tests.test_reports_notifications.TestEmailTransport" name="test_notify_echeance_skips_whatsapp_silently" time="1.797" /><testcase classname="tests.test_reports_notifications.TestNotificationPipelineE2E" name="test_trigger_sends_and_dedups" time="2.861" /><testcase classname="tests.test_iteration3.TestCanReceiveNotificationsField" name="test_create_client_with_flag_and_update" time="2.113" /><testcase classname="tests.test_reports_notifications.TestNotificationPipelineE2E" name="test_dedup_row_suppresses_resend" time="2.141" /><testcase classname="tests.test_iteration4.TestNotifiableContactsHelper" name="test_helper_filters" time="3.982" /><testcase classname="tests.test_iteration5.TestWhatsAppBroadcast" name="test_all_whatsapp_contacts_recipient_scope" time="4.558" /><testcase classname="tests.test_iteration6_migrate.TestDryRun" name="test_dry_run_writes_nothing" time="3.048" /><testcase classname="tests.test_iteration6_migrate.TestAdminProtection" name="test_protected_password_hash_preserved" time="4.238" /><testcase classname="tests.test_reports_notifications.TestHealth" name="test_health_storage_r2" time="0.264" /></testsuite></testsuites>