<?xml version="1.0" encoding="utf-8"?><testsuites name="pytest tests"><testsuite name="pytest" errors="0" failures="3" skipped="0" tests="130" time="80.714" timestamp="2026-09-02T19:14:58.479536+00:00" hostname="agent-env-e67ab5cf-26bc-4a46-a8f0-8db1a3adb3dd"><testcase classname="tests.backend_test.TestClients" name="test_list_clients_staff" time="1.813" /><testcase classname="tests.backend_test.TestDocuments" name="test_upload_pdf_as_client" time="5.124" /><testcase classname="tests.backend_test.TestClients" name="test_client_cannot_list_clients" time="2.582" /><testcase classname="tests.backend_test.TestClients" name="test_create_client_and_verify" time="2.357" /><testcase classname="tests.backend_test.TestClients" name="test_create_duplicate_client_409" time="0.289" /><testcase classname="tests.backend_test.TestDocuments" name="test_list_documents_scoped" time="2.403" /><testcase classname="tests.backend_test.TestClients" name="test_create_client_invalid_payload_422" time="0.179" /><testcase classname="tests.backend_test.TestClients" name="test_list_staff" time="0.277" /><testcase classname="tests.backend_test.TestClients" name="test_create_staff_and_login" time="1.717" /><testcase classname="tests.backend_test.TestDocuments" name="test_other_client_cannot_access" time="1.259" /><testcase classname="tests.backend_test.TestDocuments" name="test_download_url_mode" time="0.310" /><testcase classname="tests.backend_test.TestDocuments" name="test_download_binary" time="0.637" /><testcase classname="tests.backend_test.TestClients" name="test_create_staff_invalid_role_422" time="0.179" /><testcase classname="tests.backend_test.TestClients" name="test_create_staff_with_client_role_rejected" time="0.172" /><testcase classname="tests.backend_test.TestClients" name="test_patch_and_delete_client" time="1.880" /><testcase classname="tests.backend_test.TestDocuments" name="test_ai_analysis_completes" time="6.001" /><testcase classname="tests.backend_test.TestClients" name="test_delete_unknown_404" time="0.278" /><testcase classname="tests.backend_test.TestClients" name="test_delete_own_account_rejected" time="2.155" /><testcase classname="tests.backend_test.TestAuth" name="test_login_returns_needs_otp_and_dev_otp" time="0.582" /><testcase classname="tests.backend_test.TestAuth" name="test_verify_otp_returns_token_and_user" time="1.139" /><testcase classname="tests.backend_test.TestAuth" name="test_invalid_password_401" time="0.492" /><testcase classname="tests.backend_test.TestAuth" name="test_unknown_email_401" time="0.471" /><testcase classname="tests.backend_test.TestAuth" name="test_wrong_otp_code_400" time="0.997" /><testcase classname="tests.backend_test.TestDocuments" name="test_staff_can_view_client_document" time="2.658" /><testcase classname="tests.backend_test.TestAuth" name="test_invalid_session_token_400" time="0.249" /><testcase classname="tests.backend_test.TestAuth" name="test_otp_single_use" time="1.544" /><testcase classname="tests.backend_test.TestDocuments" name="test_upload_invalid_extension_400" time="0.179" /><testcase classname="tests.backend_test.TestDocuments" name="test_upload_invalid_kind_400" time="0.187" /><testcase classname="tests.backend_test.TestDocuments" name="test_staff_upload_without_tenant_id_400" time="0.187" /><testcase classname="tests.backend_test.TestDocuments" name="test_unknown_document_404" time="0.287" /><testcase classname="tests.backend_test.TestDocuments" name="test_zz_delete_document" time="0.843" /><testcase classname="tests.backend_test.TestAuth" name="test_me_with_valid_token" time="0.178" /><testcase classname="tests.backend_test.TestAuth" name="test_me_without_token_401" time="0.150" /><testcase classname="tests.backend_test.TestAuth" name="test_me_with_bad_token_401" time="0.137" /><testcase classname="tests.test_reports_notifications.TestCronWebhook" name="test_secret_present" time="0.000" /><testcase classname="tests.test_reports_notifications.TestCronWebhook" name="test_no_auth_header_401" time="0.207" /><testcase classname="tests.test_reports_notifications.TestCronWebhook" name="test_wrong_token_401" time="0.141" /><testcase classname="tests.test_reports_notifications.TestCronWebhook" name="test_malformed_scheme_401" time="0.135" /><testcase classname="tests.test_reports_notifications.TestCronWebhook" name="test_valid_token_and_idempotency" time="0.634" /><testcase classname="tests.test_reports_notifications.TestCronWebhook" name="test_valid_token_without_webhook_id" time="0.145" /><testcase classname="tests.test_reports_notifications.TestCronWebhook" name="test_trigger_as_staff" time="0.555" /><testcase classname="tests.test_reports_notifications.TestCronWebhook" name="test_trigger_as_client_forbidden" time="0.197" /><testcase classname="tests.test_reports_notifications.TestCronWebhook" name="test_trigger_requires_auth" time="0.151" /><testcase classname="tests.test_iteration3.TestAdminSettings" name="test_get_settings_as_admin" time="2.808" /><testcase classname="tests.test_iteration3.TestAdminSettings" name="test_get_settings_as_superviseur" time="0.286" /><testcase classname="tests.test_rbac_edge.TestRbacEdge" name="test_non_superviseur_staff_has_staff_access" time="3.569" /><testcase classname="tests.test_iteration3.TestAdminSettings" name="test_get_settings_forbidden_for_comptable" time="1.400" /><testcase classname="tests.test_iteration3.TestAdminSettings" name="test_get_settings_forbidden_for_client" time="0.199" /><testcase classname="tests.test_iteration3.TestAdminSettings" name="test_get_settings_unauthenticated" time="0.138" /><testcase classname="tests.test_iteration3.TestAdminSettings" name="test_update_settings_and_masking" time="2.983" /><testcase classname="tests.test_rbac_edge.TestRbacEdge" name="test_client_forbidden_on_staff_routes" time="1.051" /><testcase classname="tests.test_rbac_edge.TestRbacEdge" name="test_client_cannot_patch_or_delete_mission" time="0.958" /><testcase classname="tests.test_rbac_edge.TestRbacEdge" name="test_client_cannot_patch_echeance" time="1.051" /><testcase classname="tests.test_iteration3.TestAdminSettings" name="test_update_settings_forbidden_for_comptable" time="0.173" /><testcase classname="tests.test_iteration3.TestAdminSettings" name="test_wa_test_disabled_returns_ok_false" time="0.411"><failure message="AssertionError: {'ok': False, 'message_id': None, 'diagnostic': 'WhatsApp désactivé dans les paramètres (wa_enabled=false)'}&#10;assert {'ok': False,...abled=false)'} == {'ok': False,...age_id': None}&#10;  &#10;  Omitting 2 identical items, use -vv to show&#10;  Left contains 1 more item:&#10;  {'diagnostic': 'WhatsApp désactivé dans les paramètres (wa_enabled=false)'}&#10;  &#10;  Full diff:&#10;    {...&#10;  &#10;  ...Full output truncated (4 lines hidden), use '-vv' to show">tests/test_iteration3.py:144: in test_wa_test_disabled_returns_ok_false
    assert data == {"ok": False, "message_id": None}, data
E   AssertionError: {'ok': False, 'message_id': None, 'diagnostic': 'WhatsApp désactivé dans les paramètres (wa_enabled=false)'}
E   assert {'ok': False,...abled=false)'} == {'ok': False,...age_id': None}
E     
E     Omitting 2 identical items, use -vv to show
E     Left contains 1 more item:
E     {'diagnostic': 'WhatsApp désactivé dans les paramètres (wa_enabled=false)'}
E     
E     Full diff:
E       {...
E     
E     ...Full output truncated (4 lines hidden), use '-vv' to show</failure></testcase><testcase classname="tests.test_iteration3.TestAdminSettings" name="test_wa_test_rejects_bad_phone" time="0.182" /><testcase classname="tests.test_iteration3.TestAdminSettings" name="test_wa_test_forbidden_for_client" time="0.299" /><testcase classname="tests.backend_test.TestMissions" name="test_staff_sees_all_missions" time="0.333" /><testcase classname="tests.backend_test.TestMissions" name="test_create_mission_and_scoping" time="1.702" /><testcase classname="tests.test_rbac_edge.TestRbacEdge" name="test_client_cannot_spoof_tenant_on_upload" time="2.637" /><testcase classname="tests.backend_test.TestMissions" name="test_client_cannot_create_mission" time="0.198" /><testcase classname="tests.backend_test.TestMissions" name="test_patch_mission_status" time="1.309" /><testcase classname="tests.test_rbac_edge.TestRbacEdge" name="test_deactivated_account_cannot_login_or_use_token" time="2.938" /><testcase classname="tests.backend_test.TestMissions" name="test_invalid_mission_type_422" time="0.177" /><testcase classname="tests.backend_test.TestMissions" name="test_patch_unknown_mission_404" time="0.283" /><testcase classname="tests.backend_test.TestMissions" name="test_delete_mission" time="3.198" /><testcase classname="tests.test_rbac_edge.TestRbacEdge" name="test_token_of_deleted_user_rejected" time="2.442" /><testcase classname="tests.test_iteration3.TestReportNumbering" name="test_sequence_per_client_type_month" time="1.678"><failure message="AssertionError: RAP-BOUKARY8DE1-MENSUEL-203103-0001&#10;assert None&#10; +  where None = &lt;built-in method match of re.Pattern object at 0xfdcd1845a5c0&gt;('RAP-BOUKARY8DE1-MENSUEL-203103-0001')&#10; +    where &lt;built-in method match of re.Pattern object at 0xfdcd1845a5c0&gt; = re.compile('^RAP-[A-Z]+-MENSUEL-\\d{6}-\\d{4}$').match">tests/test_iteration3.py:187: in test_sequence_per_client_type_month
    assert NUMBER_RE.match(d1["number"]), d1["number"]
E   AssertionError: RAP-BOUKARY8DE1-MENSUEL-203103-0001
E   assert None
E    +  where None = &lt;built-in method match of re.Pattern object at 0xfdcd1845a5c0&gt;('RAP-BOUKARY8DE1-MENSUEL-203103-0001')
E    +    where &lt;built-in method match of re.Pattern object at 0xfdcd1845a5c0&gt; = re.compile('^RAP-[A-Z]+-MENSUEL-\\d{6}-\\d{4}$').match</failure></testcase><testcase classname="tests.test_rbac_edge.TestRbacEdge" name="test_patch_client_empty_payload_400" time="2.470" /><testcase classname="tests.test_iteration3.TestReportNumbering" name="test_different_client_same_month_starts_at_one" time="1.999" /><testcase classname="tests.test_iteration3.TestReportListDownloadIsolation" name="test_list_sorted_desc_and_filters" time="1.945" /><testcase classname="tests.test_iteration3.TestReportNumbering" name="test_default_month_is_current" time="2.551" /><testcase classname="tests.test_iteration3.TestReportListDownloadIsolation" name="test_client_cannot_list_other_tenant" time="0.252" /><testcase classname="tests.test_iteration3.TestReportListDownloadIsolation" name="test_download_pdf" time="1.183" /><testcase classname="tests.test_iteration3.TestReportNumbering" name="test_invalid_kind_400" time="0.406" /><testcase classname="tests.test_iteration3.TestReportListDownloadIsolation" name="test_download_pdf_contains_number_and_kind" time="2.875" /><testcase classname="tests.test_iteration3.TestReportNumbering" name="test_invalid_month_400" time="0.243" /><testcase classname="tests.test_iteration3.TestReportNumbering" name="test_unknown_client_404" time="0.618" /><testcase classname="tests.test_iteration3.TestReportNumbering" name="test_client_cannot_generate" time="2.888" /><testcase classname="tests.test_iteration3.TestReportListDownloadIsolation" name="test_download_cross_tenant_403" time="0.956" /><testcase classname="tests.test_iteration3.TestReportListDownloadIsolation" name="test_download_unknown_404" time="0.569" /><testcase classname="tests.test_reports_notifications.TestClientReportPdf" name="test_report_as_superviseur" time="0.891" /><testcase classname="tests.test_iteration3.TestReportListDownloadIsolation" name="test_download_unauthenticated_401" time="2.065" /><testcase classname="tests.test_reports_notifications.TestClientReportPdf" name="test_report_content_parseable" time="0.753" /><testcase classname="tests.test_reports_notifications.TestClientReportPdf" name="test_report_as_comptable_multirole" time="0.726" /><testcase classname="tests.test_iteration3.TestReportSendSignDelete" name="test_send_report_email" time="2.815"><failure message="AssertionError: assert ['delivered@resend.dev'] == 'delivered@resend.dev'">tests/test_iteration3.py:352: in test_send_report_email
    assert data["to"] == "delivered@resend.dev"
E   AssertionError: assert ['delivered@resend.dev'] == 'delivered@resend.dev'</failure></testcase><testcase classname="tests.test_reports_notifications.TestClientReportPdf" name="test_report_as_own_client" time="0.739" /><testcase classname="tests.test_reports_notifications.TestClientReportPdf" name="test_report_other_tenant_forbidden" time="0.190" /><testcase classname="tests.test_reports_notifications.TestClientReportPdf" name="test_report_unknown_tenant_404" time="0.291" /><testcase classname="tests.test_reports_notifications.TestClientReportPdf" name="test_report_requires_auth" time="0.180" /><testcase classname="tests.backend_test.TestEcheances" name="test_list_staff_and_client_scoping" time="1.449" /><testcase classname="tests.test_iteration3.TestReportSendSignDelete" name="test_send_client_forbidden" time="0.485" /><testcase classname="tests.backend_test.TestEcheances" name="test_client_cannot_create_echeance" time="0.182" /><testcase classname="tests.backend_test.TestEcheances" name="test_patch_echeance_status" time="1.014" /><testcase classname="tests.test_iteration3.TestReportSendSignDelete" name="test_send_unknown_404" time="0.324" /><testcase classname="tests.test_iteration3.TestReportSendSignDelete" name="test_sign_then_double_sign_then_delete" time="4.104" /><testcase classname="tests.backend_test.TestEcheances" name="test_invalid_echeance_type_422" time="0.224" /><testcase classname="tests.backend_test.TestEcheances" name="test_delete_echeance" time="2.707" /><testcase classname="tests.test_reports_notifications.TestManualNotify" name="test_notify_as_staff" time="0.682" /><testcase classname="tests.test_reports_notifications.TestManualNotify" name="test_notify_as_comptable_multirole" time="0.388" /><testcase classname="tests.test_iteration3.TestReportSendSignDelete" name="test_sign_validation_error" time="0.462" /><testcase classname="tests.test_reports_notifications.TestManualNotify" name="test_notify_as_client_forbidden" time="0.236" /><testcase classname="tests.test_iteration3.TestReportSendSignDelete" name="test_client_cannot_sign_or_delete" time="1.816" /><testcase classname="tests.test_reports_notifications.TestManualNotify" name="test_notify_unknown_id_404" time="0.287" /><testcase classname="tests.test_reports_notifications.TestManualNotify" name="test_notify_requires_auth" time="0.466" /><testcase classname="tests.test_reports_notifications.TestMultiRole" name="test_superviseur_roles_and_access" time="2.177" /><testcase classname="tests.test_iteration3.TestNotificationGates" name="test_notify_echeance_skips_inactive_and_unauthorized" time="0.064" /><testcase classname="tests.test_iteration3.TestNotificationGates" name="test_send_whatsapp_returns_none_when_disabled" time="1.492" /><testcase classname="tests.test_reports_notifications.TestMultiRole" name="test_comptable_cumulative_roles" time="1.143" /><testcase classname="tests.test_iteration3.TestNotificationGates" name="test_send_whatsapp_returns_none_when_enabled_but_unconfigured" time="0.230" /><testcase classname="tests.test_iteration3.TestNotificationGates" name="test_notify_upload_filters_unauthorized_staff" time="0.425" /><testcase classname="tests.backend_test.TestDashboard" name="test_summary_staff" time="1.023" /><testcase classname="tests.test_reports_notifications.TestMultiRole" name="test_client_cannot_list_staff" time="0.206" /><testcase classname="tests.test_reports_notifications.TestMultiRole" name="test_client_scoped_data" time="0.307" /><testcase classname="tests.backend_test.TestHealth" name="test_health" time="0.263" /><testcase classname="tests.backend_test.TestHealth" name="test_root" time="0.191" /><testcase classname="tests.backend_test.TestDashboard" name="test_summary_client_scoped" time="0.816" /><testcase classname="tests.backend_test.TestMisc" name="test_storage_mode_meta_route" time="0.202" /><testcase classname="tests.backend_test.TestMisc" name="test_documents_requires_auth" time="0.151" /><testcase classname="tests.test_iteration3.TestNotifyUpload" name="test_client_upload_triggers_notify_upload" time="10.271" /><testcase classname="tests.backend_test.TestDashboard" name="test_activity" time="0.536" /><testcase classname="tests.test_iteration3.TestAdminAccount" name="test_admin_login_and_roles" time="1.181" /><testcase classname="tests.test_iteration3.TestAdminAccount" name="test_seed_accounts_present" time="0.210" /><testcase classname="tests.test_reports_notifications.TestEmailTransport" name="test_send_email_returns_id" time="0.205" /><testcase classname="tests.test_reports_notifications.TestEmailTransport" name="test_notify_echeance_skips_whatsapp_silently" time="0.235" /><testcase classname="tests.test_iteration3.TestCanReceiveNotificationsField" name="test_create_client_with_flag_and_update" time="2.212" /><testcase classname="tests.test_reports_notifications.TestHealth" name="test_health_storage_r2" time="0.257" /><testcase classname="tests.test_iteration3.TestNotifyUpload" name="test_staff_upload_does_not_notify" time="1.663" /><testcase classname="tests.test_reports_notifications.TestNotificationPipelineE2E" name="test_trigger_sends_and_dedups" time="2.336" /><testcase classname="tests.test_reports_notifications.TestNotificationPipelineE2E" name="test_dedup_row_suppresses_resend" time="2.411" /></testsuite></testsuites>