<?xml version="1.0" encoding="utf-8"?><testsuites name="pytest tests"><testsuite name="pytest" errors="0" failures="2" skipped="1" tests="207" time="139.422" timestamp="2026-09-04T15:35:33.319643+00:00" hostname="agent-env-e67ab5cf-26bc-4a46-a8f0-8db1a3adb3dd"><testcase classname="tests.backend_test.TestDocuments" name="test_upload_pdf_as_client" time="4.075" /><testcase classname="tests.backend_test.TestClients" name="test_list_clients_staff" time="1.818" /><testcase classname="tests.backend_test.TestClients" name="test_client_cannot_list_clients" time="1.404" /><testcase classname="tests.backend_test.TestClients" name="test_create_client_and_verify" time="2.340" /><testcase classname="tests.backend_test.TestClients" name="test_create_duplicate_client_409" time="0.277" /><testcase classname="tests.backend_test.TestDocuments" name="test_list_documents_scoped" time="2.205" /><testcase classname="tests.backend_test.TestClients" name="test_create_client_invalid_payload_422" time="0.169" /><testcase classname="tests.backend_test.TestClients" name="test_list_staff" time="0.283" /><testcase classname="tests.backend_test.TestDocuments" name="test_other_client_cannot_access" time="1.151" /><testcase classname="tests.backend_test.TestClients" name="test_create_staff_and_login" time="2.193" /><testcase classname="tests.backend_test.TestDocuments" name="test_download_url_mode" time="0.300" /><testcase classname="tests.backend_test.TestDocuments" name="test_download_binary" time="0.611" /><testcase classname="tests.backend_test.TestDocuments" name="test_ai_analysis_completes" time="6.057" /><testcase classname="tests.backend_test.TestClients" name="test_create_staff_invalid_role_422" time="0.201" /><testcase classname="tests.backend_test.TestClients" name="test_create_staff_with_client_role_rejected" time="0.166" /><testcase classname="tests.backend_test.TestClients" name="test_patch_and_delete_client" time="2.093" /><testcase classname="tests.backend_test.TestClients" name="test_delete_unknown_404" time="0.274" /><testcase classname="tests.backend_test.TestClients" name="test_delete_own_account_rejected" time="2.046" /><testcase classname="tests.backend_test.TestAuth" name="test_login_returns_needs_otp_and_dev_otp" time="0.562" /><testcase classname="tests.backend_test.TestAuth" name="test_verify_otp_returns_token_and_user" time="1.386" /><testcase classname="tests.backend_test.TestAuth" name="test_invalid_password_401" time="0.487" /><testcase classname="tests.backend_test.TestDocuments" name="test_staff_can_view_client_document" time="2.226" /><testcase classname="tests.backend_test.TestAuth" name="test_unknown_email_401" time="0.282" /><testcase classname="tests.backend_test.TestAuth" name="test_wrong_otp_code_400" time="0.939" /><testcase classname="tests.backend_test.TestDocuments" name="test_upload_invalid_extension_400" time="0.183" /><testcase classname="tests.backend_test.TestDocuments" name="test_upload_invalid_kind_400" time="0.188" /><testcase classname="tests.backend_test.TestAuth" name="test_invalid_session_token_400" time="0.266" /><testcase classname="tests.backend_test.TestDocuments" name="test_staff_upload_without_tenant_id_400" time="0.193" /><testcase classname="tests.backend_test.TestDocuments" name="test_unknown_document_404" time="0.482" /><testcase classname="tests.backend_test.TestAuth" name="test_otp_single_use" time="1.439" /><testcase classname="tests.backend_test.TestDocuments" name="test_zz_delete_document" time="0.770" /><testcase classname="tests.backend_test.TestAuth" name="test_me_with_valid_token" time="0.177" /><testcase classname="tests.backend_test.TestAuth" name="test_me_without_token_401" time="0.282" /><testcase classname="tests.backend_test.TestAuth" name="test_me_with_bad_token_401" time="0.162" /><testcase classname="tests.test_iteration4.TestContactsCreate" name="test_create_client_scope_contact" time="0.700" /><testcase classname="tests.test_iteration3.TestAdminSettings" name="test_get_settings_as_admin" time="1.697" /><testcase classname="tests.test_iteration4.TestContactsCreate" name="test_create_client_scope_without_tenant_id_400" time="0.189" /><testcase classname="tests.test_iteration3.TestAdminSettings" name="test_get_settings_as_superviseur" time="0.281" /><testcase classname="tests.test_iteration4.TestContactsCreate" name="test_create_client_scope_unknown_tenant_404" time="0.273" /><testcase classname="tests.test_iteration4.TestContactsCreate" name="test_create_cabinet_scope_no_tenant_needed" time="0.577" /><testcase classname="tests.test_iteration4.TestContactsCreate" name="test_create_requires_email_or_phone" time="0.283" /><testcase classname="tests.test_iteration4.TestContactsCreate" name="test_create_as_client_forbidden" time="0.173" /><testcase classname="tests.test_iteration4.TestContactsCreate" name="test_create_invalid_function_rejected" time="0.201" /><testcase classname="tests.test_iteration3.TestAdminSettings" name="test_get_settings_forbidden_for_comptable" time="1.499" /><testcase classname="tests.test_iteration4.TestContactsCreate" name="test_create_invalid_channel_rejected" time="0.176" /><testcase classname="tests.test_iteration4.TestContactsCreate" name="test_create_invalid_scope_rejected" time="0.187" /><testcase classname="tests.test_iteration3.TestAdminSettings" name="test_get_settings_forbidden_for_client" time="0.182" /><testcase classname="tests.test_iteration4.TestContactsCreate" name="test_create_invalid_email_rejected" time="0.178" /><testcase classname="tests.test_iteration3.TestAdminSettings" name="test_get_settings_unauthenticated" time="0.164" /><testcase classname="tests.test_iteration3.TestAdminSettings" name="test_update_settings_and_masking" time="3.335" /><testcase classname="tests.test_iteration4.TestReportSendRouting" name="test_send_with_no_eligible_contacts_400" time="3.394" /><testcase classname="tests.test_iteration4.TestReportSendRouting" name="test_send_skips_optout_contacts" time="0.917" /><testcase classname="tests.test_iteration3.TestAdminSettings" name="test_update_settings_forbidden_for_comptable" time="0.201" /><testcase classname="tests.test_iteration3.TestAdminSettings" name="test_wa_test_disabled_returns_ok_false" time="0.454" /><testcase classname="tests.test_iteration3.TestAdminSettings" name="test_wa_test_rejects_bad_phone" time="0.193" /><testcase classname="tests.test_iteration3.TestAdminSettings" name="test_wa_test_forbidden_for_client" time="0.288" /><testcase classname="tests.test_iteration4.TestReportSendRouting" name="test_send_skips_wa_only_contacts" time="0.883" /><testcase classname="tests.test_reports_notifications.TestCronWebhook" name="test_secret_present" time="0.000" /><testcase classname="tests.test_reports_notifications.TestCronWebhook" name="test_no_auth_header_401" time="0.174" /><testcase classname="tests.test_reports_notifications.TestCronWebhook" name="test_wrong_token_401" time="0.149" /><testcase classname="tests.test_reports_notifications.TestCronWebhook" name="test_malformed_scheme_401" time="0.144" /><testcase classname="tests.test_reports_notifications.TestCronWebhook" name="test_valid_token_and_idempotency" time="0.585" /><testcase classname="tests.test_iteration4.TestReportSendRouting" name="test_send_skips_inactive_contacts" time="1.351" /><testcase classname="tests.test_reports_notifications.TestCronWebhook" name="test_valid_token_without_webhook_id" time="0.167" /><testcase classname="tests.test_reports_notifications.TestCronWebhook" name="test_trigger_as_staff" time="0.378" /><testcase classname="tests.test_reports_notifications.TestCronWebhook" name="test_trigger_as_client_forbidden" time="0.183" /><testcase classname="tests.test_reports_notifications.TestCronWebhook" name="test_trigger_requires_auth" time="0.170" /><testcase classname="tests.test_rbac_edge.TestRbacEdge" name="test_non_superviseur_staff_has_staff_access" time="2.200" /><testcase classname="tests.test_iteration4.TestReportSendRouting" name="test_send_to_contacts_cross_tenant_filtered" time="0.905" /><testcase classname="tests.test_iteration4.TestReportSendRouting" name="test_send_with_explicit_to" time="1.314" /><testcase classname="tests.test_rbac_edge.TestRbacEdge" name="test_client_forbidden_on_staff_routes" time="0.980" /><testcase classname="tests.test_iteration4.TestReportSendRouting" name="test_send_to_eligible_contacts" time="2.022" /><testcase classname="tests.test_rbac_edge.TestRbacEdge" name="test_client_cannot_patch_or_delete_mission" time="0.980" /><testcase classname="tests.test_rbac_edge.TestRbacEdge" name="test_client_cannot_patch_echeance" time="0.898" /><testcase classname="tests.test_iteration4.TestReportSendRouting" name="test_send_default_falls_back_to_client_email" time="4.881"><skipped type="pytest.skip" message="proxy email a rejeté client2@albarka-demo.bf (undeliverable_recipient / 429)">/app/backend/tests/test_iteration4.py:490: proxy email a rejeté client2@albarka-demo.bf (undeliverable_recipient / 429)</skipped></testcase><testcase classname="tests.test_rbac_edge.TestRbacEdge" name="test_client_cannot_spoof_tenant_on_upload" time="1.495" /><testcase classname="tests.test_rbac_edge.TestRbacEdge" name="test_deactivated_account_cannot_login_or_use_token" time="2.972" /><testcase classname="tests.test_iteration4.TestReportSendRouting" name="test_send_as_client_forbidden" time="4.054" /><testcase classname="tests.test_rbac_edge.TestRbacEdge" name="test_token_of_deleted_user_rejected" time="2.275" /><testcase classname="tests.test_rbac_edge.TestRbacEdge" name="test_patch_client_empty_payload_400" time="1.718" /><testcase classname="tests.backend_test.TestMissions" name="test_staff_sees_all_missions" time="0.277" /><testcase classname="tests.backend_test.TestMissions" name="test_create_mission_and_scoping" time="1.723" /><testcase classname="tests.test_iteration3.TestReportNumbering" name="test_sequence_per_client_type_month" time="5.724" /><testcase classname="tests.backend_test.TestMissions" name="test_client_cannot_create_mission" time="0.176" /><testcase classname="tests.backend_test.TestMissions" name="test_patch_mission_status" time="0.934" /><testcase classname="tests.backend_test.TestMissions" name="test_invalid_mission_type_422" time="0.180" /><testcase classname="tests.backend_test.TestMissions" name="test_patch_unknown_mission_404" time="0.279" /><testcase classname="tests.backend_test.TestMissions" name="test_delete_mission" time="2.773" /><testcase classname="tests.test_iteration3.TestReportNumbering" name="test_different_client_same_month_starts_at_one" time="1.767" /><testcase classname="tests.test_iteration3.TestReportListDownloadIsolation" name="test_list_sorted_desc_and_filters" time="3.070" /><testcase classname="tests.test_iteration3.TestReportNumbering" name="test_default_month_is_current" time="1.693" /><testcase classname="tests.test_iteration3.TestReportListDownloadIsolation" name="test_client_cannot_list_other_tenant" time="0.218" /><testcase classname="tests.test_iteration3.TestReportNumbering" name="test_invalid_kind_400" time="0.169" /><testcase classname="tests.test_iteration3.TestReportListDownloadIsolation" name="test_download_pdf" time="2.283" /><testcase classname="tests.test_iteration3.TestReportNumbering" name="test_invalid_month_400" time="0.182" /><testcase classname="tests.test_iteration3.TestReportNumbering" name="test_unknown_client_404" time="0.277" /><testcase classname="tests.test_iteration3.TestReportNumbering" name="test_client_cannot_generate" time="3.848" /><testcase classname="tests.test_iteration3.TestReportListDownloadIsolation" name="test_download_pdf_contains_number_and_kind" time="2.457" /><testcase classname="tests.test_reports_notifications.TestClientReportPdf" name="test_report_as_superviseur" time="0.682" /><testcase classname="tests.test_iteration3.TestReportListDownloadIsolation" name="test_download_cross_tenant_403" time="0.562" /><testcase classname="tests.test_reports_notifications.TestClientReportPdf" name="test_report_content_parseable" time="0.719" /><testcase classname="tests.test_iteration3.TestReportListDownloadIsolation" name="test_download_unknown_404" time="0.285" /><testcase classname="tests.test_iteration3.TestReportListDownloadIsolation" name="test_download_unauthenticated_401" time="3.292" /><testcase classname="tests.test_reports_notifications.TestClientReportPdf" name="test_report_as_comptable_multirole" time="0.755" /><testcase classname="tests.test_reports_notifications.TestClientReportPdf" name="test_report_as_own_client" time="0.694" /><testcase classname="tests.test_reports_notifications.TestClientReportPdf" name="test_report_other_tenant_forbidden" time="0.178" /><testcase classname="tests.test_reports_notifications.TestClientReportPdf" name="test_report_unknown_tenant_404" time="0.268" /><testcase classname="tests.test_reports_notifications.TestClientReportPdf" name="test_report_requires_auth" time="0.148" /><testcase classname="tests.test_iteration4.TestContactsUpdateDelete" name="test_patch_fields_persist" time="1.160" /><testcase classname="tests.test_iteration3.TestReportSendSignDelete" name="test_send_report_email" time="3.546" /><testcase classname="tests.test_iteration4.TestContactsUpdateDelete" name="test_patch_invalid_enums" time="0.783" /><testcase classname="tests.test_iteration4.TestContactsUpdateDelete" name="test_patch_unknown_id_404" time="0.283" /><testcase classname="tests.test_iteration4.TestContactsUpdateDelete" name="test_client_cannot_patch_or_delete" time="0.841" /><testcase classname="tests.test_iteration4.TestContactsUpdateDelete" name="test_delete_removes_contact" time="1.331" /><testcase classname="tests.test_iteration4.TestContactsUpdateDelete" name="test_comptable_can_manage" time="2.061" /><testcase classname="tests.test_iteration3.TestReportSendSignDelete" name="test_send_client_forbidden" time="0.454" /><testcase classname="tests.test_iteration3.TestReportSendSignDelete" name="test_send_unknown_404" time="0.275" /><testcase classname="tests.test_iteration3.TestReportSendSignDelete" name="test_sign_then_double_sign_then_delete" time="6.596" /><testcase classname="tests.backend_test.TestEcheances" name="test_list_staff_and_client_scoping" time="1.960" /><testcase classname="tests.backend_test.TestEcheances" name="test_client_cannot_create_echeance" time="0.189" /><testcase classname="tests.backend_test.TestEcheances" name="test_patch_echeance_status" time="1.219" /><testcase classname="tests.backend_test.TestEcheances" name="test_invalid_echeance_type_422" time="0.177" /><testcase classname="tests.backend_test.TestEcheances" name="test_delete_echeance" time="2.801" /><testcase classname="tests.test_iteration3.TestReportSendSignDelete" name="test_sign_validation_error" time="0.473" /><testcase classname="tests.test_iteration3.TestReportSendSignDelete" name="test_client_cannot_sign_or_delete" time="2.472" /><testcase classname="tests.test_reports_notifications.TestManualNotify" name="test_notify_as_staff" time="0.718" /><testcase classname="tests.test_reports_notifications.TestManualNotify" name="test_notify_as_comptable_multirole" time="0.412" /><testcase classname="tests.test_reports_notifications.TestManualNotify" name="test_notify_as_client_forbidden" time="0.179" /><testcase classname="tests.test_reports_notifications.TestManualNotify" name="test_notify_unknown_id_404" time="0.281" /><testcase classname="tests.test_reports_notifications.TestManualNotify" name="test_notify_requires_auth" time="0.494" /><testcase classname="tests.test_iteration4.TestContactsIsolation" name="test_client_sees_only_own" time="1.368" /><testcase classname="tests.test_iteration3.TestNotificationGates" name="test_notify_echeance_skips_inactive_and_unauthorized" time="1.565"><failure message="KeyError: 'id'">self = &lt;test_iteration3.TestNotificationGates object at 0xf8af204e3c50&gt;

    def test_notify_echeance_skips_inactive_and_unauthorized(self):
        an = _an()
        ech = {"id": "x", "title": "TEST", "type": "tva", "due_date": "2031-01-31",
               "period": "2031-01", "amount": 1000}
&gt;       r1 = run_async(lambda _db: an.notify_echeance(
            {"email": "a@b.co", "full_name": "A", "is_active": False}, ech, 3))

tests/test_iteration3.py:508: 
_ _ _ _ _ _ _ _ _ _ _ _ _ _ _ _ _ _ _ _ _ _ _ _ _ _ _ _ _ _ _ _ _ _ _ _ _ _ _ _ 
tests/conftest.py:119: in run_async
    return loop.run_until_complete(coro_factory(fdb))
           ^^^^^^^^^^^^^^^^^^^^^^^^^^^^^^^^^^^^^^^^^^
/usr/local/lib/python3.11/asyncio/base_events.py:654: in run_until_complete
    return future.result()
           ^^^^^^^^^^^^^^^
_ _ _ _ _ _ _ _ _ _ _ _ _ _ _ _ _ _ _ _ _ _ _ _ _ _ _ _ _ _ _ _ _ _ _ _ _ _ _ _ 

user = {'email': 'a@b.co', 'full_name': 'A', 'is_active': False}
echeance = {'id': 'x', 'title': 'TEST', 'type': 'tva', 'due_date': '2031-01-31', ...}
days_left = 3

    async def notify_echeance(user: dict, echeance: dict, days_left: int) -&gt; dict:
        """Envoie email + WA (si téléphone dispo et notifications activées).
    
        Destinataires =
          - le compte client si `is_active` et `can_receive_notifications`,
          - + tous les contacts client actifs autorisés (email + WA selon channels).
        Renvoie {email_id, wa_sid, sent_email, sent_wa} agrégés.
        """
        from albarka_contacts import notifiable_contacts_for  # local import: circular safe
    
        cabinet_name = await _get_from_name()
        if days_left &lt; 0:
            subject = f"Échéance en retard — {echeance.get('title', 'Échéance')} (J+{-days_left})"
        elif days_left == 0:
            subject = f"Échéance aujourd'hui — {echeance.get('title', 'Échéance')}"
        else:
            subject = f"Rappel d'échéance — {echeance.get('title', 'Échéance')} (J-{days_left})"
    
        # Email recipients: main user account (if opted-in) + email contacts of tenant
        email_recipients: set = set()
        if user.get("is_active", True) and user.get("can_receive_notifications") is not False and user.get("email"):
            email_recipients.add(user["email"])
&gt;       for c in await notifiable_contacts_for(user["id"], channel="email"):
                                               ^^^^^^^^^^
E       KeyError: 'id'

albarka_notifications.py:367: KeyError</failure></testcase><testcase classname="tests.test_iteration4.TestContactsIsolation" name="test_client_cannot_force_cabinet_scope" time="0.564" /><testcase classname="tests.test_iteration3.TestNotificationGates" name="test_send_whatsapp_returns_none_when_disabled" time="1.281" /><testcase classname="tests.test_iteration4.TestContactsIsolation" name="test_staff_filters" time="0.559" /><testcase classname="tests.test_iteration4.TestContactsIsolation" name="test_unauthenticated_rejected" time="1.317" /><testcase classname="tests.test_iteration3.TestNotificationGates" name="test_send_whatsapp_returns_none_when_enabled_but_unconfigured" time="1.336" /><testcase classname="tests.test_iteration5.TestContactsImport" name="test_csv_import" time="1.752" /><testcase classname="tests.test_iteration3.TestNotificationGates" name="test_notify_upload_filters_unauthorized_staff" time="0.417" /><testcase classname="tests.test_iteration5.TestBranding" name="test_upload_and_toggle_and_delete" time="6.691" /><testcase classname="tests.test_iteration5.TestContactsImport" name="test_import_template_download" time="0.178" /><testcase classname="tests.test_iteration5.TestContactsImport" name="test_bad_scope" time="0.179" /><testcase classname="tests.test_iteration5.TestContactsImport" name="test_client_forbidden" time="0.186" /><testcase classname="tests.test_reports_notifications.TestMultiRole" name="test_superviseur_roles_and_access" time="2.129" /><testcase classname="tests.test_reports_notifications.TestMultiRole" name="test_comptable_cumulative_roles" time="1.119" /><testcase classname="tests.test_reports_notifications.TestMultiRole" name="test_client_cannot_list_staff" time="0.181" /><testcase classname="tests.test_reports_notifications.TestMultiRole" name="test_client_scoped_data" time="0.294" /><testcase classname="tests.backend_test.TestDashboard" name="test_summary_staff" time="1.003" /><testcase classname="tests.backend_test.TestDashboard" name="test_summary_client_scoped" time="0.804" /><testcase classname="tests.test_iteration5.TestBranding" name="test_bad_kind" time="0.210" /><testcase classname="tests.test_iteration5.TestBranding" name="test_bad_mime" time="0.217" /><testcase classname="tests.backend_test.TestDashboard" name="test_activity" time="0.489" /><testcase classname="tests.test_iteration5.TestBranding" name="test_client_forbidden" time="0.180" /><testcase classname="tests.test_iteration4.TestSettingsEmailDomain" name="test_put_and_get_email_fields" time="1.539" /><testcase classname="tests.test_iteration4.TestContactsPrimary" name="test_auto_demote_on_create" time="1.311" /><testcase classname="tests.test_iteration4.TestContactsPrimary" name="test_patch_primary_demotes_others" time="2.206" /><testcase classname="tests.test_iteration4.TestSettingsEmailDomain" name="test_wa_token_still_masked" time="0.294" /><testcase classname="tests.test_iteration4.TestSettingsEmailDomain" name="test_client_cannot_read_settings" time="0.170" /><testcase classname="tests.test_iteration5.TestCertificates" name="test_create_activate_delete" time="2.223" /><testcase classname="tests.test_iteration4.TestContactsPrimary" name="test_primary_scoped_per_tenant" time="0.558" /><testcase classname="tests.test_iteration4.TestNotifyUploadWhatsAppGuardrail" name="test_wa_optin_but_wa_disabled_silent_skip" time="2.307" /><testcase classname="tests.test_iteration5.TestCertificates" name="test_short_passphrase_rejected" time="0.184" /><testcase classname="tests.test_iteration5.TestCertificates" name="test_client_forbidden" time="0.187" /><testcase classname="tests.test_iteration5.TestReportPreview" name="test_preview_returns_png" time="1.134" /><testcase classname="tests.test_iteration5.TestReportPreview" name="test_preview_with_template" time="3.400" /><testcase classname="tests.test_iteration4.TestNotifyUploadWhatsAppGuardrail" name="test_wa_optout_never_attempts_wa" time="1.647" /><testcase classname="tests.test_iteration4.TestNotifyUploadWhatsAppGuardrail" name="test_notif_upload_disabled_short_circuits" time="2.635" /><testcase classname="tests.test_iteration5.TestReportPreview" name="test_preview_client_forbidden" time="0.179" /><testcase classname="tests.test_iteration5.TestScheduledWa" name="test_schedule_and_cancel" time="4.052" /><testcase classname="tests.backend_test.TestHealth" name="test_health" time="0.200" /><testcase classname="tests.backend_test.TestHealth" name="test_root" time="0.225" /><testcase classname="tests.backend_test.TestMisc" name="test_storage_mode_meta_route" time="0.192" /><testcase classname="tests.backend_test.TestMisc" name="test_documents_requires_auth" time="0.254" /><testcase classname="tests.test_iteration3.TestAdminAccount" name="test_admin_login_and_roles" time="1.133" /><testcase classname="tests.test_iteration3.TestAdminAccount" name="test_seed_accounts_present" time="0.204" /><testcase classname="tests.test_iteration3.TestNotifyUpload" name="test_client_upload_triggers_notify_upload" time="9.863" /><testcase classname="tests.test_iteration5.TestScheduledWa" name="test_reject_past_date" time="2.597" /><testcase classname="tests.test_iteration5.TestScheduledWa" name="test_client_forbidden" time="0.194" /><testcase classname="tests.test_iteration5.TestReportTemplates" name="test_crud_and_default_toggle" time="1.987" /><testcase classname="tests.test_iteration5.TestReportTemplates" name="test_client_cannot_manage" time="0.171" /><testcase classname="tests.test_iteration5.TestContactGroups" name="test_client_scope_and_cabinet_scope" time="2.428" /><testcase classname="tests.test_iteration5.TestContactGroups" name="test_client_isolation" time="0.945" /><testcase classname="tests.test_iteration5.TestReportPipelineWithTemplate" name="test_generate_with_template_id" time="3.760" /><testcase classname="tests.test_iteration3.TestNotifyUpload" name="test_staff_upload_does_not_notify" time="1.687" /><testcase classname="tests.test_iteration4.TestSendEmailPayloadUsesSettings" name="test_payload_fields" time="1.555" /><testcase classname="tests.test_iteration5.TestReportPipelineWithTemplate" name="test_send_to_groups" time="5.381" /><testcase classname="tests.test_iteration4.TestSendEmailPayloadUsesSettings" name="test_explicit_reply_to_overrides_settings" time="1.136" /><testcase classname="tests.test_iteration5.TestSharedDownloadToken" name="test_bad_token_403" time="0.194" /><testcase classname="tests.test_iteration5.TestSharedDownloadToken" name="test_valid_token_downloads" time="2.905" /><testcase classname="tests.test_iteration5.TestWhatsAppReport" name="test_wa_no_recipient_400" time="3.453" /><testcase classname="tests.test_iteration5.TestSignatureAudit" name="test_audit_log_contains_signature" time="6.739" /><testcase classname="tests.test_iteration5.TestWhatsAppReport" name="test_wa_disabled_400" time="3.018" /><testcase classname="tests.test_iteration5.TestBrandingPreview" name="test_upload_and_preview" time="2.111" /><testcase classname="tests.test_iteration5.TestSignatureAudit" name="test_client_forbidden" time="0.202" /><testcase classname="tests.test_iteration5.TestWhatsAppAuditLog" name="test_log_admin_only" time="0.541" /><testcase classname="tests.test_iteration5.TestWhatsAppAuditLog" name="test_log_filters" time="1.186" /><testcase classname="tests.test_iteration5.TestBrandingPreview" name="test_preview_404_when_missing" time="0.567" /><testcase classname="tests.test_iteration5.TestDispatchesWidget" name="test_returns_month_keys" time="0.703" /><testcase classname="tests.test_reports_notifications.TestNotificationPipelineE2E" name="test_trigger_sends_and_dedups" time="2.839" /><testcase classname="tests.test_iteration5.TestDispatchesWidget" name="test_client_scoped" time="0.692" /><testcase classname="tests.test_iteration3.TestCanReceiveNotificationsField" name="test_create_client_with_flag_and_update" time="2.179" /><testcase classname="tests.test_reports_notifications.TestNotificationPipelineE2E" name="test_dedup_row_suppresses_resend" time="2.185" /><testcase classname="tests.test_iteration4.TestNotifiableContactsHelper" name="test_helper_filters" time="3.863" /><testcase classname="tests.test_reports_notifications.TestEmailTransport" name="test_send_email_returns_id" time="1.532" /><testcase classname="tests.test_reports_notifications.TestEmailTransport" name="test_notify_echeance_skips_whatsapp_silently" time="1.248"><failure message="KeyError: 'id'">self = &lt;test_reports_notifications.TestEmailTransport object at 0xf8af20123590&gt;

    def test_notify_echeance_skips_whatsapp_silently(self):
        import sys
        sys.path.insert(0, "/app/backend")
        from dotenv import load_dotenv
        load_dotenv("/app/backend/.env", override=False)
        import albarka_notifications as an
        an.EMAIL_KEY = an.EMAIL_KEY or backend_env.get("EMERGENT_EMAIL_KEY", "")
    
        from conftest import run_async
&gt;       res = run_async(lambda _db: an.notify_echeance(
            {"email": "delivered@resend.dev", "full_name": "TEST Client", "phone": "+22671111111"},
            {"id": "TEST", "title": "TVA", "type": "tva", "due_date": "2026-09-09",
             "period": "2026-08", "amount": 250000},
            7,
        ))

tests/test_reports_notifications.py:301: 
_ _ _ _ _ _ _ _ _ _ _ _ _ _ _ _ _ _ _ _ _ _ _ _ _ _ _ _ _ _ _ _ _ _ _ _ _ _ _ _ 
tests/conftest.py:119: in run_async
    return loop.run_until_complete(coro_factory(fdb))
           ^^^^^^^^^^^^^^^^^^^^^^^^^^^^^^^^^^^^^^^^^^
/usr/local/lib/python3.11/asyncio/base_events.py:654: in run_until_complete
    return future.result()
           ^^^^^^^^^^^^^^^
_ _ _ _ _ _ _ _ _ _ _ _ _ _ _ _ _ _ _ _ _ _ _ _ _ _ _ _ _ _ _ _ _ _ _ _ _ _ _ _ 

user = {'email': 'delivered@resend.dev', 'full_name': 'TEST Client', 'phone': '+22671111111'}
echeance = {'id': 'TEST', 'title': 'TVA', 'type': 'tva', 'due_date': '2026-09-09', ...}
days_left = 7

    async def notify_echeance(user: dict, echeance: dict, days_left: int) -&gt; dict:
        """Envoie email + WA (si téléphone dispo et notifications activées).
    
        Destinataires =
          - le compte client si `is_active` et `can_receive_notifications`,
          - + tous les contacts client actifs autorisés (email + WA selon channels).
        Renvoie {email_id, wa_sid, sent_email, sent_wa} agrégés.
        """
        from albarka_contacts import notifiable_contacts_for  # local import: circular safe
    
        cabinet_name = await _get_from_name()
        if days_left &lt; 0:
            subject = f"Échéance en retard — {echeance.get('title', 'Échéance')} (J+{-days_left})"
        elif days_left == 0:
            subject = f"Échéance aujourd'hui — {echeance.get('title', 'Échéance')}"
        else:
            subject = f"Rappel d'échéance — {echeance.get('title', 'Échéance')} (J-{days_left})"
    
        # Email recipients: main user account (if opted-in) + email contacts of tenant
        email_recipients: set = set()
        if user.get("is_active", True) and user.get("can_receive_notifications") is not False and user.get("email"):
            email_recipients.add(user["email"])
&gt;       for c in await notifiable_contacts_for(user["id"], channel="email"):
                                               ^^^^^^^^^^
E       KeyError: 'id'

albarka_notifications.py:367: KeyError</failure></testcase><testcase classname="tests.test_iteration5.TestWhatsAppBroadcast" name="test_all_whatsapp_contacts_recipient_scope" time="4.428" /><testcase classname="tests.test_reports_notifications.TestHealth" name="test_health_storage_r2" time="0.264" /></testsuite></testsuites>