<?xml version="1.0" encoding="utf-8"?><testsuites name="pytest tests"><testsuite name="pytest" errors="0" failures="0" skipped="1" tests="265" time="230.040" timestamp="2026-09-04T19:30:55.218868+00:00" hostname="agent-env-e67ab5cf-26bc-4a46-a8f0-8db1a3adb3dd"><testcase classname="tests.backend_test.TestDocuments" name="test_upload_pdf_as_client" time="2.742" /><testcase classname="tests.backend_test.TestClients" name="test_list_clients_staff" time="1.911" /><testcase classname="tests.backend_test.TestClients" name="test_client_cannot_list_clients" time="1.889" /><testcase classname="tests.backend_test.TestClients" name="test_create_client_and_verify" time="1.192" /><testcase classname="tests.backend_test.TestDocuments" name="test_list_documents_scoped" time="2.438" /><testcase classname="tests.backend_test.TestClients" name="test_create_duplicate_client_409" time="0.285" /><testcase classname="tests.backend_test.TestDocuments" name="test_other_client_cannot_access" time="0.834" /><testcase classname="tests.backend_test.TestClients" name="test_create_client_invalid_payload_422" time="0.191" /><testcase classname="tests.backend_test.TestClients" name="test_list_staff" time="0.284" /><testcase classname="tests.backend_test.TestClients" name="test_create_staff_and_login" time="1.789" /><testcase classname="tests.backend_test.TestDocuments" name="test_download_url_mode" time="0.450" /><testcase classname="tests.backend_test.TestDocuments" name="test_download_binary" time="0.697" /><testcase classname="tests.backend_test.TestDocuments" name="test_ai_analysis_completes" time="0.391" /><testcase classname="tests.backend_test.TestClients" name="test_create_staff_invalid_role_422" time="0.179" /><testcase classname="tests.backend_test.TestClients" name="test_create_staff_with_client_role_rejected" time="0.314" /><testcase classname="tests.backend_test.TestClients" name="test_patch_and_delete_client" time="1.862" /><testcase classname="tests.backend_test.TestDocuments" name="test_staff_can_view_client_document" time="2.038" /><testcase classname="tests.backend_test.TestDocuments" name="test_upload_invalid_extension_400" time="0.188" /><testcase classname="tests.backend_test.TestDocuments" name="test_upload_invalid_kind_400" time="0.178" /><testcase classname="tests.backend_test.TestClients" name="test_delete_unknown_404" time="0.288" /><testcase classname="tests.backend_test.TestDocuments" name="test_staff_upload_without_tenant_id_400" time="0.176" /><testcase classname="tests.backend_test.TestDocuments" name="test_unknown_document_404" time="0.327" /><testcase classname="tests.backend_test.TestClients" name="test_delete_own_account_rejected" time="2.299" /><testcase classname="tests.backend_test.TestDocuments" name="test_zz_delete_document" time="0.909" /><testcase classname="tests.backend_test.TestAuth" name="test_login_returns_needs_otp_and_dev_otp" time="0.585" /><testcase classname="tests.test_iteration3.TestAdminSettings" name="test_get_settings_as_admin" time="1.804" /><testcase classname="tests.backend_test.TestAuth" name="test_verify_otp_returns_token_and_user" time="1.285" /><testcase classname="tests.test_iteration3.TestAdminSettings" name="test_get_settings_as_superviseur" time="0.468" /><testcase classname="tests.backend_test.TestAuth" name="test_invalid_password_401" time="0.484" /><testcase classname="tests.backend_test.TestAuth" name="test_unknown_email_401" time="0.241" /><testcase classname="tests.test_iteration3.TestAdminSettings" name="test_get_settings_forbidden_for_comptable" time="1.656" /><testcase classname="tests.backend_test.TestAuth" name="test_wrong_otp_code_400" time="0.840" /><testcase classname="tests.test_iteration3.TestAdminSettings" name="test_get_settings_forbidden_for_client" time="0.359" /><testcase classname="tests.test_iteration3.TestAdminSettings" name="test_get_settings_unauthenticated" time="0.166" /><testcase classname="tests.test_iteration3.TestAdminSettings" name="test_update_settings_and_masking" time="3.076" /><testcase classname="tests.backend_test.TestAuth" name="test_invalid_session_token_400" time="0.251" /><testcase classname="tests.backend_test.TestAuth" name="test_otp_single_use" time="1.498" /><testcase classname="tests.backend_test.TestAuth" name="test_me_with_valid_token" time="0.190" /><testcase classname="tests.backend_test.TestAuth" name="test_me_without_token_401" time="0.178" /><testcase classname="tests.backend_test.TestAuth" name="test_me_with_bad_token_401" time="0.132" /><testcase classname="tests.test_iteration4.TestContactsCreate" name="test_create_client_scope_contact" time="0.676" /><testcase classname="tests.test_iteration4.TestContactsCreate" name="test_create_client_scope_without_tenant_id_400" time="0.197" /><testcase classname="tests.test_iteration3.TestAdminSettings" name="test_update_settings_forbidden_for_comptable" time="0.169" /><testcase classname="tests.test_iteration4.TestContactsCreate" name="test_create_client_scope_unknown_tenant_404" time="0.285" /><testcase classname="tests.test_iteration3.TestAdminSettings" name="test_wa_test_disabled_returns_ok_false" time="0.394" /><testcase classname="tests.test_iteration4.TestContactsCreate" name="test_create_cabinet_scope_no_tenant_needed" time="0.294" /><testcase classname="tests.test_iteration3.TestAdminSettings" name="test_wa_test_rejects_bad_phone" time="0.183" /><testcase classname="tests.test_iteration4.TestContactsCreate" name="test_create_requires_email_or_phone" time="0.284" /><testcase classname="tests.test_iteration3.TestAdminSettings" name="test_wa_test_forbidden_for_client" time="0.294" /><testcase classname="tests.test_iteration4.TestContactsCreate" name="test_create_as_client_forbidden" time="0.203" /><testcase classname="tests.test_iteration4.TestContactsCreate" name="test_create_invalid_function_rejected" time="0.181" /><testcase classname="tests.test_iteration4.TestContactsCreate" name="test_create_invalid_channel_rejected" time="0.188" /><testcase classname="tests.test_iteration4.TestContactsCreate" name="test_create_invalid_scope_rejected" time="0.188" /><testcase classname="tests.test_iteration4.TestContactsCreate" name="test_create_invalid_email_rejected" time="0.986" /><testcase classname="tests.test_iteration4.TestReportSendRouting" name="test_send_with_no_eligible_contacts_400" time="2.196" /><testcase classname="tests.test_reports_notifications.TestCronWebhook" name="test_secret_present" time="0.000" /><testcase classname="tests.test_reports_notifications.TestCronWebhook" name="test_no_auth_header_401" time="0.178" /><testcase classname="tests.test_reports_notifications.TestCronWebhook" name="test_wrong_token_401" time="35.941" /><testcase classname="tests.test_iteration4.TestReportSendRouting" name="test_send_skips_optout_contacts" time="0.864" /><testcase classname="tests.test_iteration4.TestReportSendRouting" name="test_send_skips_wa_only_contacts" time="0.895" /><testcase classname="tests.test_iteration4.TestReportSendRouting" name="test_send_skips_inactive_contacts" time="1.413" /><testcase classname="tests.test_iteration4.TestReportSendRouting" name="test_send_to_contacts_cross_tenant_filtered" time="0.876" /><testcase classname="tests.test_iteration4.TestReportSendRouting" name="test_send_with_explicit_to" time="1.235" /><testcase classname="tests.test_iteration4.TestReportSendRouting" name="test_send_to_eligible_contacts" time="1.834" /><testcase classname="tests.test_iteration4.TestReportSendRouting" name="test_send_default_falls_back_to_client_email" time="4.798"><skipped type="pytest.skip" message="proxy email a rejeté client2@albarka-demo.bf (undeliverable_recipient / 429)">/app/backend/tests/test_iteration4.py:490: proxy email a rejeté client2@albarka-demo.bf (undeliverable_recipient / 429)</skipped></testcase><testcase classname="tests.test_iteration4.TestReportSendRouting" name="test_send_as_client_forbidden" time="2.727" /><testcase classname="tests.test_rbac_edge.TestRbacEdge" name="test_non_superviseur_staff_has_staff_access" time="2.183" /><testcase classname="tests.test_rbac_edge.TestRbacEdge" name="test_client_forbidden_on_staff_routes" time="1.078" /><testcase classname="tests.test_rbac_edge.TestRbacEdge" name="test_client_cannot_patch_or_delete_mission" time="0.943" /><testcase classname="tests.test_rbac_edge.TestRbacEdge" name="test_client_cannot_patch_echeance" time="1.621" /><testcase classname="tests.test_rbac_edge.TestRbacEdge" name="test_client_cannot_spoof_tenant_on_upload" time="1.467" /><testcase classname="tests.test_rbac_edge.TestRbacEdge" name="test_deactivated_account_cannot_login_or_use_token" time="3.408" /><testcase classname="tests.test_rbac_edge.TestRbacEdge" name="test_token_of_deleted_user_rejected" time="2.850" /><testcase classname="tests.test_rbac_edge.TestRbacEdge" name="test_patch_client_empty_payload_400" time="2.470" /><testcase classname="tests.backend_test.TestMissions" name="test_staff_sees_all_missions" time="0.267" /><testcase classname="tests.backend_test.TestMissions" name="test_create_mission_and_scoping" time="1.703" /><testcase classname="tests.backend_test.TestMissions" name="test_client_cannot_create_mission" time="0.176" /><testcase classname="tests.backend_test.TestMissions" name="test_patch_mission_status" time="0.984" /><testcase classname="tests.backend_test.TestMissions" name="test_invalid_mission_type_422" time="0.164" /><testcase classname="tests.backend_test.TestMissions" name="test_patch_unknown_mission_404" time="0.286" /><testcase classname="tests.backend_test.TestMissions" name="test_delete_mission" time="2.671" /><testcase classname="tests.test_reports_notifications.TestCronWebhook" name="test_malformed_scheme_401" time="0.215" /><testcase classname="tests.test_reports_notifications.TestCronWebhook" name="test_valid_token_and_idempotency" time="0.635" /><testcase classname="tests.test_reports_notifications.TestCronWebhook" name="test_valid_token_without_webhook_id" time="0.146" /><testcase classname="tests.test_reports_notifications.TestCronWebhook" name="test_trigger_as_staff" time="0.393" /><testcase classname="tests.test_iteration3.TestReportNumbering" name="test_sequence_per_client_type_month" time="5.851" /><testcase classname="tests.test_reports_notifications.TestCronWebhook" name="test_trigger_as_client_forbidden" time="0.174" /><testcase classname="tests.test_reports_notifications.TestCronWebhook" name="test_trigger_requires_auth" time="0.122" /><testcase classname="tests.test_iteration3.TestReportListDownloadIsolation" name="test_list_sorted_desc_and_filters" time="2.818" /><testcase classname="tests.test_iteration3.TestReportListDownloadIsolation" name="test_client_cannot_list_other_tenant" time="1.450" /><testcase classname="tests.test_iteration3.TestReportListDownloadIsolation" name="test_download_pdf" time="2.249" /><testcase classname="tests.test_iteration3.TestReportNumbering" name="test_different_client_same_month_starts_at_one" time="1.842" /><testcase classname="tests.test_iteration3.TestReportListDownloadIsolation" name="test_download_pdf_contains_number_and_kind" time="2.637" /><testcase classname="tests.test_iteration3.TestReportNumbering" name="test_default_month_is_current" time="1.727" /><testcase classname="tests.test_iteration3.TestReportNumbering" name="test_invalid_kind_400" time="0.174" /><testcase classname="tests.test_iteration3.TestReportListDownloadIsolation" name="test_download_cross_tenant_403" time="0.658" /><testcase classname="tests.test_iteration3.TestReportNumbering" name="test_invalid_month_400" time="0.175" /><testcase classname="tests.test_iteration3.TestReportNumbering" name="test_unknown_client_404" time="0.284" /><testcase classname="tests.test_iteration3.TestReportNumbering" name="test_client_cannot_generate" time="5.469" /><testcase classname="tests.test_iteration3.TestReportListDownloadIsolation" name="test_download_unknown_404" time="1.307" /><testcase classname="tests.test_iteration3.TestReportListDownloadIsolation" name="test_download_unauthenticated_401" time="3.219" /><testcase classname="tests.test_iteration3.TestReportSendSignDelete" name="test_send_report_email" time="3.387" /><testcase classname="tests.test_reports_notifications.TestClientReportPdf" name="test_report_as_superviseur" time="0.715" /><testcase classname="tests.test_reports_notifications.TestClientReportPdf" name="test_report_content_parseable" time="0.717" /><testcase classname="tests.test_reports_notifications.TestClientReportPdf" name="test_report_as_comptable_multirole" time="0.728" /><testcase classname="tests.test_reports_notifications.TestClientReportPdf" name="test_report_as_own_client" time="0.703" /><testcase classname="tests.test_iteration3.TestReportSendSignDelete" name="test_send_client_forbidden" time="0.475" /><testcase classname="tests.test_reports_notifications.TestClientReportPdf" name="test_report_other_tenant_forbidden" time="0.185" /><testcase classname="tests.test_reports_notifications.TestClientReportPdf" name="test_report_unknown_tenant_404" time="0.307" /><testcase classname="tests.test_iteration3.TestReportSendSignDelete" name="test_send_unknown_404" time="0.284" /><testcase classname="tests.test_reports_notifications.TestClientReportPdf" name="test_report_requires_auth" time="0.208" /><testcase classname="tests.test_iteration3.TestReportSendSignDelete" name="test_sign_then_double_sign_then_delete" time="6.481" /><testcase classname="tests.test_iteration4.TestContactsUpdateDelete" name="test_patch_fields_persist" time="1.194" /><testcase classname="tests.test_iteration4.TestContactsUpdateDelete" name="test_patch_invalid_enums" time="0.735" /><testcase classname="tests.test_iteration4.TestContactsUpdateDelete" name="test_patch_unknown_id_404" time="0.914" /><testcase classname="tests.test_iteration4.TestContactsUpdateDelete" name="test_client_cannot_patch_or_delete" time="1.010" /><testcase classname="tests.test_iteration4.TestContactsUpdateDelete" name="test_delete_removes_contact" time="1.339" /><testcase classname="tests.test_iteration4.TestContactsUpdateDelete" name="test_comptable_can_manage" time="1.952" /><testcase classname="tests.test_iteration3.TestReportSendSignDelete" name="test_sign_validation_error" time="0.474" /><testcase classname="tests.test_iteration3.TestReportSendSignDelete" name="test_client_cannot_sign_or_delete" time="1.849" /><testcase classname="tests.test_iteration6_migrate.TestMigrateGuards" name="test_no_token_rejected" time="0.153" /><testcase classname="tests.test_iteration6_migrate.TestMigrateGuards" name="test_client_forbidden" time="0.244" /><testcase classname="tests.test_iteration6_migrate.TestMigrateGuards" name="test_wrong_confirm_token" time="0.183" /><testcase classname="tests.test_iteration6_migrate.TestMigrateGuards" name="test_target_same_as_source" time="0.174" /><testcase classname="tests.test_iteration6_migrate.TestMigrateGuards" name="test_invalid_payload_422" time="0.176" /><testcase classname="tests.test_iteration6_migrate.TestMigrateGuards" name="test_unreachable_target_502" time="15.216" /><testcase classname="tests.test_iteration9_phaseA.TestPatchUser" name="test_patch_staff_fields_and_email_immutable" time="2.889" /><testcase classname="tests.test_iteration9_phaseA.TestPatchUser" name="test_patch_client_company_phone" time="1.364" /><testcase classname="tests.test_iteration9_phaseA.TestPatchUser" name="test_patch_invalid_role_rejected" time="0.463" /><testcase classname="tests.test_iteration9_phaseA.TestPatchUser" name="test_patch_unknown_user_404" time="0.297" /><testcase classname="tests.test_iteration9_phaseA.TestPatchUser" name="test_patch_empty_payload_400" time="0.484" /><testcase classname="tests.test_iteration9_phaseA.TestPatchUser" name="test_patch_requires_staff" time="1.669" /><testcase classname="tests.test_reports_notifications.TestManualNotify" name="test_notify_as_staff" time="0.708" /><testcase classname="tests.test_reports_notifications.TestManualNotify" name="test_notify_as_comptable_multirole" time="1.748" /><testcase classname="tests.test_reports_notifications.TestManualNotify" name="test_notify_as_client_forbidden" time="0.171" /><testcase classname="tests.test_reports_notifications.TestManualNotify" name="test_notify_unknown_id_404" time="0.297" /><testcase classname="tests.test_reports_notifications.TestManualNotify" name="test_notify_requires_auth" time="0.439" /><testcase classname="tests.test_iteration3.TestNotificationGates" name="test_notify_echeance_skips_inactive_and_unauthorized" time="3.870" /><testcase classname="tests.test_iteration3.TestNotificationGates" name="test_send_whatsapp_returns_none_when_disabled" time="1.346" /><testcase classname="tests.backend_test.TestEcheances" name="test_list_staff_and_client_scoping" time="1.497" /><testcase classname="tests.test_iteration3.TestNotificationGates" name="test_send_whatsapp_returns_none_when_enabled_but_unconfigured" time="1.400" /><testcase classname="tests.backend_test.TestEcheances" name="test_client_cannot_create_echeance" time="0.184" /><testcase classname="tests.backend_test.TestEcheances" name="test_patch_echeance_status" time="0.950" /><testcase classname="tests.test_iteration3.TestNotificationGates" name="test_notify_upload_filters_unauthorized_staff" time="0.420" /><testcase classname="tests.backend_test.TestEcheances" name="test_invalid_echeance_type_422" time="0.186" /><testcase classname="tests.backend_test.TestEcheances" name="test_delete_echeance" time="2.894" /><testcase classname="tests.test_iteration4.TestContactsIsolation" name="test_client_sees_only_own" time="1.588" /><testcase classname="tests.test_iteration4.TestContactsIsolation" name="test_client_cannot_force_cabinet_scope" time="0.576" /><testcase classname="tests.test_iteration4.TestContactsIsolation" name="test_staff_filters" time="0.571" /><testcase classname="tests.test_iteration4.TestContactsIsolation" name="test_unauthenticated_rejected" time="1.383" /><testcase classname="tests.test_iteration5.TestContactsImport" name="test_csv_import" time="1.788" /><testcase classname="tests.test_iteration5.TestBranding" name="test_upload_and_toggle_and_delete" time="6.191" /><testcase classname="tests.test_iteration5.TestContactsImport" name="test_import_template_download" time="0.195" /><testcase classname="tests.test_iteration5.TestContactsImport" name="test_bad_scope" time="0.191" /><testcase classname="tests.test_iteration5.TestContactsImport" name="test_client_forbidden" time="0.195" /><testcase classname="tests.test_iteration6_migrate.TestDiagDb" name="test_no_token_rejected" time="0.202" /><testcase classname="tests.test_iteration6_migrate.TestDiagDb" name="test_bad_token_rejected" time="0.148" /><testcase classname="tests.test_iteration6_migrate.TestDiagDb" name="test_client_forbidden" time="0.185" /><testcase classname="tests.test_iteration6_migrate.TestDiagDb" name="test_superviseur_gets_same_payload" time="3.499" /><testcase classname="tests.test_iteration6_migrate.TestInventoryRbac" name="test_no_token_rejected" time="0.234" /><testcase classname="tests.test_iteration6_migrate.TestInventoryRbac" name="test_bad_token_rejected" time="0.171" /><testcase classname="tests.test_iteration6_migrate.TestInventoryRbac" name="test_client_forbidden" time="0.245" /><testcase classname="tests.test_iteration6_migrate.TestInventoryRbac" name="test_superviseur_inventory" time="3.604" /><testcase classname="tests.test_iteration5.TestBranding" name="test_bad_kind" time="0.183" /><testcase classname="tests.test_iteration5.TestBranding" name="test_bad_mime" time="0.174" /><testcase classname="tests.test_iteration5.TestBranding" name="test_client_forbidden" time="0.165" /><testcase classname="tests.test_reports_notifications.TestMultiRole" name="test_superviseur_roles_and_access" time="2.152" /><testcase classname="tests.test_reports_notifications.TestMultiRole" name="test_comptable_cumulative_roles" time="1.398" /><testcase classname="tests.test_reports_notifications.TestMultiRole" name="test_client_cannot_list_staff" time="0.174" /><testcase classname="tests.test_reports_notifications.TestMultiRole" name="test_client_scoped_data" time="0.288" /><testcase classname="tests.backend_test.TestDashboard" name="test_summary_staff" time="1.395" /><testcase classname="tests.test_iteration9_phaseA.TestAdministrateurRole" name="test_role_persisted_via_get" time="2.257" /><testcase classname="tests.test_iteration9_phaseA.TestAdministrateurRole" name="test_admin_only_user_can_login_and_access_admin_endpoints" time="2.329" /><testcase classname="tests.backend_test.TestDashboard" name="test_summary_client_scoped" time="0.802" /><testcase classname="tests.backend_test.TestDashboard" name="test_activity" time="0.488" /><testcase classname="tests.test_iteration4.TestContactsPrimary" name="test_auto_demote_on_create" time="1.483" /><testcase classname="tests.test_iteration4.TestContactsPrimary" name="test_patch_primary_demotes_others" time="1.937" /><testcase classname="tests.test_iteration9_phaseA.TestAdministrateurRole" name="test_comptable_forbidden_on_admin_endpoints" time="1.979" /><testcase classname="tests.test_iteration9_phaseA.TestAdministrateurRole" name="test_client_role_rejected_on_staff_creation" time="0.506" /><testcase classname="tests.test_iteration4.TestSettingsEmailDomain" name="test_put_and_get_email_fields" time="1.525" /><testcase classname="tests.test_iteration4.TestContactsPrimary" name="test_primary_scoped_per_tenant" time="0.571" /><testcase classname="tests.test_iteration4.TestNotifyUploadWhatsAppGuardrail" name="test_wa_optin_but_wa_disabled_silent_skip" time="2.118" /><testcase classname="tests.test_iteration4.TestSettingsEmailDomain" name="test_wa_token_still_masked" time="0.300" /><testcase classname="tests.test_iteration4.TestSettingsEmailDomain" name="test_client_cannot_read_settings" time="0.187" /><testcase classname="tests.test_iteration5.TestCertificates" name="test_create_activate_delete" time="2.371" /><testcase classname="tests.test_iteration4.TestNotifyUploadWhatsAppGuardrail" name="test_wa_optout_never_attempts_wa" time="1.805" /><testcase classname="tests.test_iteration5.TestCertificates" name="test_short_passphrase_rejected" time="0.178" /><testcase classname="tests.test_iteration5.TestCertificates" name="test_client_forbidden" time="0.178" /><testcase classname="tests.test_iteration5.TestScheduledWa" name="test_schedule_and_cancel" time="3.947" /><testcase classname="tests.test_iteration4.TestNotifyUploadWhatsAppGuardrail" name="test_notif_upload_disabled_short_circuits" time="2.970" /><testcase classname="tests.test_iteration5.TestReportPreview" name="test_preview_returns_png" time="1.244" /><testcase classname="tests.test_iteration5.TestScheduledWa" name="test_reject_past_date" time="2.783" /><testcase classname="tests.test_iteration5.TestReportPreview" name="test_preview_with_template" time="1.696" /><testcase classname="tests.test_iteration5.TestReportPreview" name="test_preview_client_forbidden" time="0.177" /><testcase classname="tests.backend_test.TestHealth" name="test_health" time="0.161" /><testcase classname="tests.backend_test.TestHealth" name="test_root" time="0.184" /><testcase classname="tests.backend_test.TestMisc" name="test_storage_mode_meta_route" time="0.195" /><testcase classname="tests.test_iteration5.TestScheduledWa" name="test_client_forbidden" time="0.184" /><testcase classname="tests.backend_test.TestMisc" name="test_documents_requires_auth" time="0.190" /><testcase classname="tests.test_iteration6_migrate.TestSelectiveAndIdempotence" name="test_only_collections_scope" time="1.671" /><testcase classname="tests.test_iteration3.TestAdminAccount" name="test_admin_login_and_roles" time="1.139" /><testcase classname="tests.test_iteration3.TestAdminAccount" name="test_seed_accounts_present" time="0.207" /><testcase classname="tests.test_iteration3.TestNotifyUpload" name="test_client_upload_triggers_notify_upload" time="9.933" /><testcase classname="tests.test_iteration6_migrate.TestSelectiveAndIdempotence" name="test_skip_collections_scope" time="5.151" /><testcase classname="tests.test_iteration6_migrate.TestSelectiveAndIdempotence" name="test_real_migration_idempotent" time="4.942" /><testcase classname="tests.test_iteration3.TestNotifyUpload" name="test_staff_upload_does_not_notify" time="1.897" /><testcase classname="tests.test_iteration5.TestReportTemplates" name="test_crud_and_default_toggle" time="2.094" /><testcase classname="tests.test_iteration4.TestSendEmailPayloadUsesSettings" name="test_payload_fields" time="1.493" /><testcase classname="tests.test_iteration5.TestReportTemplates" name="test_client_cannot_manage" time="0.191" /><testcase classname="tests.test_iteration5.TestContactGroups" name="test_client_scope_and_cabinet_scope" time="2.444" /><testcase classname="tests.test_iteration4.TestSendEmailPayloadUsesSettings" name="test_explicit_reply_to_overrides_settings" time="1.198" /><testcase classname="tests.test_iteration5.TestReportPipelineWithTemplate" name="test_generate_with_template_id" time="3.846" /><testcase classname="tests.test_iteration5.TestContactGroups" name="test_client_isolation" time="0.954" /><testcase classname="tests.test_iteration5.TestSignatureAudit" name="test_audit_log_contains_signature" time="6.642" /><testcase classname="tests.test_iteration5.TestReportPipelineWithTemplate" name="test_send_to_groups" time="5.439" /><testcase classname="tests.test_iteration5.TestSignatureAudit" name="test_client_forbidden" time="0.186" /><testcase classname="tests.test_iteration5.TestWhatsAppReport" name="test_wa_no_recipient_400" time="2.752" /><testcase classname="tests.test_iteration5.TestSharedDownloadToken" name="test_bad_token_403" time="0.242" /><testcase classname="tests.test_iteration5.TestSharedDownloadToken" name="test_valid_token_downloads" time="2.840" /><testcase classname="tests.test_iteration5.TestWhatsAppReport" name="test_wa_disabled_400" time="2.746" /><testcase classname="tests.test_iteration5.TestWhatsAppAuditLog" name="test_log_admin_only" time="0.478" /><testcase classname="tests.test_iteration5.TestWhatsAppAuditLog" name="test_log_filters" time="1.184" /><testcase classname="tests.test_iteration5.TestBrandingPreview" name="test_upload_and_preview" time="2.006" /><testcase classname="tests.test_iteration5.TestDispatchesWidget" name="test_returns_month_keys" time="0.694" /><testcase classname="tests.test_iteration5.TestDispatchesWidget" name="test_client_scoped" time="0.690" /><testcase classname="tests.test_iteration6_migrate.TestBackupRedaction" name="test_users_backup_in_tmp_and_redacted" time="2.968" /><testcase classname="tests.test_iteration5.TestBrandingPreview" name="test_preview_404_when_missing" time="0.580" /><testcase classname="tests.test_iteration6_migrate.TestEphemeralSkip" name="test_default_run_skips_otps_and_cron_runs" time="5.619" /><testcase classname="tests.test_iteration6_migrate.TestBackupRedaction" name="test_no_backups_left_inside_repo" time="0.002" /><testcase classname="tests.test_iteration9_phaseA.TestClientRegression" name="test_client_sees_own_data" time="2.206" /><testcase classname="tests.test_iteration9_phaseA.TestClientRegression" name="test_client_cannot_list_clients" time="1.585" /><testcase classname="tests.test_iteration6_migrate.TestEphemeralSkip" name="test_explicit_only_collections_overrides_skip" time="2.812" /><testcase classname="tests.test_iteration9_phaseBCD.TestContractsAndLoginGate" name="test_contract_crud_and_login_gate" time="8.085" /><testcase classname="tests.test_iteration9_phaseA.TestRoleInvariantsOnPatch" name="test_client_role_cannot_be_mixed_with_staff_roles" time="1.943" /><testcase classname="tests.test_iteration9_phaseA.TestRoleInvariantsOnPatch" name="test_empty_roles_rejected" time="1.262" /><testcase classname="tests.test_iteration9_phaseBCD.TestBulkGenerate" name="test_bulk_generate_monthly" time="2.637" /><testcase classname="tests.test_iteration9_phaseBCD.TestContractsAndLoginGate" name="test_contract_validation_and_rbac" time="0.930" /><testcase classname="tests.test_iteration9_phaseBCD.TestBulkGenerate" name="test_bulk_generate_bad_kind" time="0.169" /><testcase classname="tests.test_iteration9_phaseBCD.TestQuarterlyReport" name="test_generate_quarterly" time="2.831" /><testcase classname="tests.test_iteration9_phaseBCD.TestWhatsAppRetry" name="test_retry_unknown_log" time="0.282" /><testcase classname="tests.test_iteration9_phaseBCD.TestWhatsAppRetry" name="test_retry_failed_entry" time="4.432" /><testcase classname="tests.test_iteration9_phaseBCD.TestQuarterlyReport" name="test_quarterly_bad_period" time="0.175" /><testcase classname="tests.test_iteration9_phaseBCD.TestBilling" name="test_invoice_payment_lifecycle" time="5.848" /><testcase classname="tests.test_iteration9_phaseBCD.TestOhada" name="test_full_accounting_flow" time="7.683" /><testcase classname="tests.test_iteration9_phaseBCD.TestBilling" name="test_payment_unknown_invoice_and_rbac" time="0.663" /><testcase classname="tests.test_iteration9_phaseBCD.TestRegressionSecurity" name="test_client_role_cannot_be_escalated" time="0.610" /><testcase classname="tests.test_iteration9_phaseBCD.TestRegressionSecurity" name="test_login_and_last_login" time="0.190" /><testcase classname="tests.test_reports_notifications.TestEmailTransport" name="test_send_email_returns_id" time="1.761" /><testcase classname="tests.test_reports_notifications.TestEmailTransport" name="test_notify_echeance_skips_whatsapp_silently" time="1.750" /><testcase classname="tests.test_iteration9_phaseBCD.TestOhada" name="test_create_duplicate_account" time="0.284" /><testcase classname="tests.test_reports_notifications.TestNotificationPipelineE2E" name="test_trigger_sends_and_dedups" time="2.854" /><testcase classname="tests.test_iteration3.TestCanReceiveNotificationsField" name="test_create_client_with_flag_and_update" time="2.135" /><testcase classname="tests.test_reports_notifications.TestNotificationPipelineE2E" name="test_dedup_row_suppresses_resend" time="2.248" /><testcase classname="tests.test_iteration4.TestNotifiableContactsHelper" name="test_helper_filters" time="3.930" /><testcase classname="tests.test_iteration5.TestWhatsAppBroadcast" name="test_all_whatsapp_contacts_recipient_scope" time="4.535" /><testcase classname="tests.test_iteration6_migrate.TestDryRun" name="test_dry_run_writes_nothing" time="2.923" /><testcase classname="tests.test_iteration6_migrate.TestAdminProtection" name="test_protected_password_hash_preserved" time="4.454" /><testcase classname="tests.test_iteration9_phaseA.TestLastLogin" name="test_last_login_set_after_otp" time="1.415" /><testcase classname="tests.test_iteration9_phaseBCD.TestChat" name="test_staff_and_client_thread" time="3.377" /><testcase classname="tests.test_iteration9_phaseBCD.TestAutoWhatsAppAfterSign" name="test_auto_schedule_created_on_sign" time="8.622" /><testcase classname="tests.test_iteration9_phaseBCD.TestPlatformLogs" name="test_logs_rbac_and_autolog" time="3.513" /><testcase classname="tests.test_iteration9_phaseBCD.TestArchives" name="test_archive_crud" time="1.920" /><testcase classname="tests.test_reports_notifications.TestHealth" name="test_health_storage_r2" time="0.296" /><testcase classname="tests.test_iteration9_phaseBCD.TestHR" name="test_employee_and_payslip" time="4.429" /><testcase classname="tests.test_iteration9_phaseBCD.TestBroadcast" name="test_broadcast_scopes" time="5.161" /></testsuite></testsuites>