<?xml version="1.0" encoding="utf-8"?><testsuites name="pytest tests"><testsuite name="pytest" errors="0" failures="0" skipped="2" tests="41" time="31.704" timestamp="2026-09-02T19:21:37.966775+00:00" hostname="agent-env-e67ab5cf-26bc-4a46-a8f0-8db1a3adb3dd"><testcase classname="tests.test_iteration4.TestContactsCreate" name="test_create_client_scope_contact" time="7.867" /><testcase classname="tests.test_iteration4.TestContactsCreate" name="test_create_client_scope_without_tenant_id_400" time="0.174" /><testcase classname="tests.test_iteration4.TestContactsCreate" name="test_create_client_scope_unknown_tenant_404" time="0.296" /><testcase classname="tests.test_iteration4.TestContactsCreate" name="test_create_cabinet_scope_no_tenant_needed" time="0.287" /><testcase classname="tests.test_iteration4.TestContactsCreate" name="test_create_requires_email_or_phone" time="0.310" /><testcase classname="tests.test_iteration4.TestContactsCreate" name="test_create_as_client_forbidden" time="0.257" /><testcase classname="tests.test_iteration4.TestContactsCreate" name="test_create_invalid_function_rejected" time="0.174" /><testcase classname="tests.test_iteration4.TestContactsCreate" name="test_create_invalid_channel_rejected" time="0.176" /><testcase classname="tests.test_iteration4.TestReportSendRouting" name="test_send_with_no_eligible_contacts_400" time="10.017" /><testcase classname="tests.test_iteration4.TestContactsCreate" name="test_create_invalid_scope_rejected" time="0.176" /><testcase classname="tests.test_iteration4.TestContactsCreate" name="test_create_invalid_email_rejected" time="0.180" /><testcase classname="tests.test_iteration4.TestContactsUpdateDelete" name="test_patch_fields_persist" time="1.156" /><testcase classname="tests.test_iteration4.TestReportSendRouting" name="test_send_skips_optout_contacts" time="0.893" /><testcase classname="tests.test_iteration4.TestReportSendRouting" name="test_send_skips_wa_only_contacts" time="0.869" /><testcase classname="tests.test_iteration4.TestContactsUpdateDelete" name="test_patch_invalid_enums" time="0.754" /><testcase classname="tests.test_iteration4.TestReportSendRouting" name="test_send_skips_inactive_contacts" time="1.618" /><testcase classname="tests.test_iteration4.TestContactsUpdateDelete" name="test_patch_unknown_id_404" time="0.279" /><testcase classname="tests.test_iteration4.TestContactsUpdateDelete" name="test_client_cannot_patch_or_delete" time="2.165" /><testcase classname="tests.test_iteration4.TestContactsUpdateDelete" name="test_delete_removes_contact" time="1.344" /><testcase classname="tests.test_iteration4.TestReportSendRouting" name="test_send_to_contacts_cross_tenant_filtered" time="2.015" /><testcase classname="tests.test_iteration4.TestReportSendRouting" name="test_send_with_explicit_to" time="1.556" /><testcase classname="tests.test_iteration4.TestContactsUpdateDelete" name="test_comptable_can_manage" time="1.628" /><testcase classname="tests.test_iteration4.TestReportSendRouting" name="test_send_to_eligible_contacts" time="1.347"><skipped type="pytest.skip" message="external email proxy unavailable/rate-limited: &lt;!DOCTYPE html&gt;&#10;&lt;!--[if lt IE 7]&gt; &lt;html class=&quot;no-js ie6 oldie&quot; lang=&quot;en-US&quot;&gt; &lt;![endif]--&gt;&#10;&lt;!--[if IE 7]&gt;    &lt;html class=&quot;no-js ie7 oldie&quot; lang=&quot;en-US&quot;&gt; &lt;![endif]--&gt;&#10;&lt;!--[if IE 8]&gt;    &lt;html class=&quot;no-">/app/backend/tests/test_iteration4.py:475: external email proxy unavailable/rate-limited: &lt;!DOCTYPE html&gt;
&lt;!--[if lt IE 7]&gt; &lt;html class="no-js ie6 oldie" lang="en-US"&gt; &lt;![endif]--&gt;
&lt;!--[if IE 7]&gt;    &lt;html class="no-js ie7 oldie" lang="en-US"&gt; &lt;![endif]--&gt;
&lt;!--[if IE 8]&gt;    &lt;html class="no-</skipped></testcase><testcase classname="tests.test_iteration4.TestContactsIsolation" name="test_client_sees_only_own" time="1.359" /><testcase classname="tests.test_iteration4.TestReportSendRouting" name="test_send_default_falls_back_to_client_email" time="0.861"><skipped type="pytest.skip" message="proxy email a rejeté client1@albarka-demo.bf (undeliverable_recipient)">/app/backend/tests/test_iteration4.py:486: proxy email a rejeté client1@albarka-demo.bf (undeliverable_recipient)</skipped></testcase><testcase classname="tests.test_iteration4.TestContactsIsolation" name="test_client_cannot_force_cabinet_scope" time="0.572" /><testcase classname="tests.test_iteration4.TestContactsIsolation" name="test_staff_filters" time="0.555" /><testcase classname="tests.test_iteration4.TestReportSendRouting" name="test_send_as_client_forbidden" time="0.928" /><testcase classname="tests.test_iteration4.TestContactsIsolation" name="test_unauthenticated_rejected" time="0.124" /><testcase classname="tests.test_iteration4.TestSettingsEmailDomain" name="test_put_and_get_email_fields" time="1.598" /><testcase classname="tests.test_iteration4.TestContactsPrimary" name="test_auto_demote_on_create" time="1.271" /><testcase classname="tests.test_iteration4.TestContactsPrimary" name="test_patch_primary_demotes_others" time="2.243" /><testcase classname="tests.test_iteration4.TestSettingsEmailDomain" name="test_wa_token_still_masked" time="0.281" /><testcase classname="tests.test_iteration4.TestSettingsEmailDomain" name="test_client_cannot_read_settings" time="0.183" /><testcase classname="tests.test_iteration4.TestSendEmailPayloadUsesSettings" name="test_payload_fields" time="2.039" /><testcase classname="tests.test_iteration4.TestContactsPrimary" name="test_primary_scoped_per_tenant" time="0.580" /><testcase classname="tests.test_iteration4.TestSendEmailPayloadUsesSettings" name="test_explicit_reply_to_overrides_settings" time="0.104" /><testcase classname="tests.test_iteration4.TestNotifiableContactsHelper" name="test_helper_filters" time="5.339" /><testcase classname="tests.test_iteration4.TestNotifyUploadWhatsAppGuardrail" name="test_wa_optin_but_wa_disabled_silent_skip" time="2.226" /><testcase classname="tests.test_iteration4.TestNotifyUploadWhatsAppGuardrail" name="test_wa_optout_never_attempts_wa" time="0.638" /><testcase classname="tests.test_iteration4.TestNotifyUploadWhatsAppGuardrail" name="test_notif_upload_disabled_short_circuits" time="3.537" /></testsuite></testsuites>