<?xml version="1.0" encoding="utf-8"?><testsuites name="pytest tests"><testsuite name="pytest" errors="0" failures="0" skipped="0" tests="23" time="29.880" timestamp="2026-09-04T15:44:03.954152+00:00" hostname="agent-env-e67ab5cf-26bc-4a46-a8f0-8db1a3adb3dd"><testcase classname="tests.test_iteration6_migrate.TestDiagDb" name="test_no_token_rejected" time="0.338" /><testcase classname="tests.test_iteration6_migrate.TestMigrateGuards" name="test_no_token_rejected" time="0.306" /><testcase classname="tests.test_iteration6_migrate.TestDiagDb" name="test_bad_token_rejected" time="0.131" /><testcase classname="tests.test_iteration6_migrate.TestMigrateGuards" name="test_client_forbidden" time="1.656" /><testcase classname="tests.test_iteration6_migrate.TestDiagDb" name="test_client_forbidden" time="2.359" /><testcase classname="tests.test_iteration6_migrate.TestMigrateGuards" name="test_wrong_confirm_token" time="1.666" /><testcase classname="tests.test_iteration6_migrate.TestMigrateGuards" name="test_target_same_as_source" time="0.181" /><testcase classname="tests.test_iteration6_migrate.TestMigrateGuards" name="test_invalid_payload_422" time="0.178" /><testcase classname="tests.test_iteration6_migrate.TestMigrateGuards" name="test_unreachable_target_502" time="15.197" /><testcase classname="tests.test_iteration6_migrate.TestDiagDb" name="test_superviseur_gets_same_payload" time="3.369" /><testcase classname="tests.test_iteration6_migrate.TestInventoryRbac" name="test_no_token_rejected" time="0.181" /><testcase classname="tests.test_iteration6_migrate.TestInventoryRbac" name="test_bad_token_rejected" time="0.181" /><testcase classname="tests.test_iteration6_migrate.TestInventoryRbac" name="test_client_forbidden" time="0.197" /><testcase classname="tests.test_iteration6_migrate.TestInventoryRbac" name="test_superviseur_inventory" time="2.232" /><testcase classname="tests.test_iteration6_migrate.TestEphemeralSkip" name="test_default_run_skips_otps_and_cron_runs" time="3.879" /><testcase classname="tests.test_iteration6_migrate.TestEphemeralSkip" name="test_explicit_only_collections_overrides_skip" time="1.862" /><testcase classname="tests.test_iteration6_migrate.TestBackupRedaction" name="test_users_backup_in_tmp_and_redacted" time="2.593" /><testcase classname="tests.test_iteration6_migrate.TestBackupRedaction" name="test_no_backups_left_inside_repo" time="0.000" /><testcase classname="tests.test_iteration6_migrate.TestDryRun" name="test_dry_run_writes_nothing" time="2.394" /><testcase classname="tests.test_iteration6_migrate.TestSelectiveAndIdempotence" name="test_only_collections_scope" time="1.534" /><testcase classname="tests.test_iteration6_migrate.TestAdminProtection" name="test_protected_password_hash_preserved" time="3.250" /><testcase classname="tests.test_iteration6_migrate.TestSelectiveAndIdempotence" name="test_skip_collections_scope" time="3.060" /><testcase classname="tests.test_iteration6_migrate.TestSelectiveAndIdempotence" name="test_real_migration_idempotent" time="4.933" /></testsuite></testsuites>