<?xml version="1.0" encoding="utf-8"?><testsuites name="pytest tests"><testsuite name="pytest" errors="0" failures="0" skipped="0" tests="17" time="25.470" timestamp="2026-09-04T15:34:52.679855+00:00" hostname="agent-env-e67ab5cf-26bc-4a46-a8f0-8db1a3adb3dd"><testcase classname="tests.test_iteration6_migrate.TestInventoryRbac" name="test_no_token_rejected" time="0.367" /><testcase classname="tests.test_iteration6_migrate.TestMigrateGuards" name="test_no_token_rejected" time="0.372" /><testcase classname="tests.test_iteration6_migrate.TestInventoryRbac" name="test_bad_token_rejected" time="0.146" /><testcase classname="tests.test_iteration6_migrate.TestMigrateGuards" name="test_client_forbidden" time="1.670" /><testcase classname="tests.test_iteration6_migrate.TestInventoryRbac" name="test_client_forbidden" time="2.512" /><testcase classname="tests.test_iteration6_migrate.TestMigrateGuards" name="test_wrong_confirm_token" time="1.617" /><testcase classname="tests.test_iteration6_migrate.TestMigrateGuards" name="test_target_same_as_source" time="0.169" /><testcase classname="tests.test_iteration6_migrate.TestMigrateGuards" name="test_invalid_payload_422" time="0.178" /><testcase classname="tests.test_iteration6_migrate.TestMigrateGuards" name="test_unreachable_target_502" time="15.196" /><testcase classname="tests.test_iteration6_migrate.TestInventoryRbac" name="test_superviseur_inventory" time="3.567" /><testcase classname="tests.test_iteration6_migrate.TestSelectiveAndIdempotence" name="test_only_collections_scope" time="1.568" /><testcase classname="tests.test_iteration6_migrate.TestSelectiveAndIdempotence" name="test_skip_collections_scope" time="3.478" /><testcase classname="tests.test_iteration6_migrate.TestSelectiveAndIdempotence" name="test_real_migration_idempotent" time="4.777" /><testcase classname="tests.test_iteration6_migrate.TestSelectiveAndIdempotence" name="test_backup_dir_created_on_real_run" time="1.615" /><testcase classname="tests.test_iteration6_migrate.TestAdminProtection" name="test_protected_password_hash_preserved" time="3.231" /><testcase classname="tests.test_iteration6_migrate.TestDiagDb" name="test_public_and_no_credentials_leaked" time="2.165" /><testcase classname="tests.test_iteration6_migrate.TestDryRun" name="test_dry_run_writes_nothing" time="2.975" /></testsuite></testsuites>