<?xml version="1.0" encoding="utf-8"?><testsuites name="pytest tests"><testsuite name="pytest" errors="0" failures="0" skipped="0" tests="20" time="45.522" timestamp="2026-09-04T19:17:39.717479+00:00" hostname="agent-env-e67ab5cf-26bc-4a46-a8f0-8db1a3adb3dd"><testcase classname="tests.test_iteration9_phaseBCD.TestContractsAndLoginGate" name="test_contract_crud_and_login_gate" time="10.391" /><testcase classname="tests.test_iteration9_phaseBCD.TestWhatsAppRetry" name="test_retry_unknown_log" time="2.764" /><testcase classname="tests.test_iteration9_phaseBCD.TestWhatsAppRetry" name="test_retry_failed_entry" time="4.997" /><testcase classname="tests.test_iteration9_phaseBCD.TestQuarterlyReport" name="test_generate_quarterly" time="6.549" /><testcase classname="tests.test_iteration9_phaseBCD.TestContractsAndLoginGate" name="test_contract_validation_and_rbac" time="2.373" /><testcase classname="tests.test_iteration9_phaseBCD.TestBulkGenerate" name="test_bulk_generate_monthly" time="2.808" /><testcase classname="tests.test_iteration9_phaseBCD.TestQuarterlyReport" name="test_quarterly_bad_period" time="0.179" /><testcase classname="tests.test_iteration9_phaseBCD.TestBilling" name="test_invoice_payment_lifecycle" time="6.029" /><testcase classname="tests.test_iteration9_phaseBCD.TestBulkGenerate" name="test_bulk_generate_bad_kind" time="0.187" /><testcase classname="tests.test_iteration9_phaseBCD.TestOhada" name="test_full_accounting_flow" time="10.036" /><testcase classname="tests.test_iteration9_phaseBCD.TestBilling" name="test_payment_unknown_invoice_and_rbac" time="0.820" /><testcase classname="tests.test_iteration9_phaseBCD.TestRegressionSecurity" name="test_client_role_cannot_be_escalated" time="0.801" /><testcase classname="tests.test_iteration9_phaseBCD.TestRegressionSecurity" name="test_login_and_last_login" time="1.834" /><testcase classname="tests.test_iteration9_phaseBCD.TestChat" name="test_staff_and_client_thread" time="3.609" /><testcase classname="tests.test_iteration9_phaseBCD.TestOhada" name="test_create_duplicate_account" time="0.291" /><testcase classname="tests.test_iteration9_phaseBCD.TestAutoWhatsAppAfterSign" name="test_auto_schedule_created_on_sign" time="10.792" /><testcase classname="tests.test_iteration9_phaseBCD.TestHR" name="test_employee_and_payslip" time="7.404" /><testcase classname="tests.test_iteration9_phaseBCD.TestPlatformLogs" name="test_logs_rbac_and_autolog" time="3.574" /><testcase classname="tests.test_iteration9_phaseBCD.TestArchives" name="test_archive_crud" time="2.078" /><testcase classname="tests.test_iteration9_phaseBCD.TestBroadcast" name="test_broadcast_scopes" time="5.541" /></testsuite></testsuites>