<?xml version="1.0" encoding="utf-8"?><testsuites name="pytest tests"><testsuite name="pytest" errors="0" failures="0" skipped="0" tests="16" time="47.062" timestamp="2026-09-04T22:08:07.184268+00:00" hostname="agent-env-e67ab5cf-26bc-4a46-a8f0-8db1a3adb3dd"><testcase classname="tests.test_iteration10_fixes.TestContractsFR" name="test_existing_contracts_migrated" time="1.640" /><testcase classname="tests.test_iteration10_fixes.TestContractsFR" name="test_create_auto_numero_and_fields" time="2.353" /><testcase classname="tests.test_iteration10_fixes.TestContractsFR" name="test_legacy_status_accepted_and_normalized" time="2.000" /><testcase classname="tests.test_iteration10_fixes.TestAutoArchives" name="test_document_upload_auto_archive" time="10.104" /><testcase classname="tests.test_iteration10_fixes.TestContractsFR" name="test_explicit_numero_and_bad_date" time="0.833" /><testcase classname="tests.test_iteration10_fixes.TestJournalPdfExport" name="test_export_pdf" time="5.454" /><testcase classname="tests.test_iteration10_fixes.TestAutoArchives" name="test_invoice_auto_archive" time="4.490" /><testcase classname="tests.test_iteration10_fixes.TestJournalPdfExport" name="test_export_pdf_rbac" time="0.272" /><testcase classname="tests.test_iteration10_fixes.TestJournalPdfExport" name="test_quarterly_still_works" time="2.269" /><testcase classname="tests.test_iteration10_fixes.TestAutoArchives" name="test_payslip_auto_archive" time="4.917" /><testcase classname="tests.test_iteration10_fixes.TestCommunicationRole" name="test_communication_role_messaging_access" time="13.868" /><testcase classname="tests.test_iteration10_fixes.TestAutoArchives" name="test_manual_archive_still_works_and_only_manual_filter" time="0.838" /><testcase classname="tests.test_iteration10_fixes.TestPayslipPdf" name="test_payslip_pdf" time="5.346" /><testcase classname="tests.test_iteration10_fixes.TestAutoWaJ24" name="test_scheduled_at_is_exactly_24h_after_created_at" time="9.631" /><testcase classname="tests.test_iteration10_fixes.TestCommunicationRole" name="test_communication_is_valid_role" time="0.335" /><testcase classname="tests.test_iteration10_fixes.TestInvoiceDocumentTypes" name="test_three_document_types" time="17.268" /></testsuite></testsuites>