<?xml version="1.0" encoding="utf-8"?><testsuites name="pytest tests"><testsuite name="pytest" errors="0" failures="0" skipped="5" tests="171" time="125.095" timestamp="2026-09-02T19:36:56.669277+00:00" hostname="agent-env-e67ab5cf-26bc-4a46-a8f0-8db1a3adb3dd"><testcase classname="tests.backend_test.TestDocuments" name="test_upload_pdf_as_client" time="3.078" /><testcase classname="tests.backend_test.TestClients" name="test_list_clients_staff" time="2.213" /><testcase classname="tests.backend_test.TestClients" name="test_client_cannot_list_clients" time="1.604" /><testcase classname="tests.backend_test.TestClients" name="test_create_client_and_verify" time="1.319" /><testcase classname="tests.backend_test.TestDocuments" name="test_list_documents_scoped" time="2.650" /><testcase classname="tests.backend_test.TestClients" name="test_create_duplicate_client_409" time="0.282" /><testcase classname="tests.backend_test.TestClients" name="test_create_client_invalid_payload_422" time="0.175" /><testcase classname="tests.backend_test.TestClients" name="test_list_staff" time="0.280" /><testcase classname="tests.backend_test.TestDocuments" name="test_other_client_cannot_access" time="1.207" /><testcase classname="tests.backend_test.TestClients" name="test_create_staff_and_login" time="1.711" /><testcase classname="tests.backend_test.TestDocuments" name="test_download_url_mode" time="0.284" /><testcase classname="tests.backend_test.TestDocuments" name="test_download_binary" time="0.713" /><testcase classname="tests.backend_test.TestClients" name="test_create_staff_invalid_role_422" time="0.187" /><testcase classname="tests.backend_test.TestClients" name="test_create_staff_with_client_role_rejected" time="0.179" /><testcase classname="tests.backend_test.TestDocuments" name="test_ai_analysis_completes" time="0.520" /><testcase classname="tests.backend_test.TestClients" name="test_patch_and_delete_client" time="2.025" /><testcase classname="tests.backend_test.TestDocuments" name="test_staff_can_view_client_document" time="1.873" /><testcase classname="tests.backend_test.TestClients" name="test_delete_unknown_404" time="0.277" /><testcase classname="tests.backend_test.TestClients" name="test_delete_own_account_rejected" time="2.001" /><testcase classname="tests.backend_test.TestDocuments" name="test_upload_invalid_extension_400" time="0.174" /><testcase classname="tests.backend_test.TestDocuments" name="test_upload_invalid_kind_400" time="0.183" /><testcase classname="tests.backend_test.TestDocuments" name="test_staff_upload_without_tenant_id_400" time="0.358" /><testcase classname="tests.backend_test.TestDocuments" name="test_unknown_document_404" time="0.284" /><testcase classname="tests.backend_test.TestDocuments" name="test_zz_delete_document" time="0.799" /><testcase classname="tests.backend_test.TestAuth" name="test_login_returns_needs_otp_and_dev_otp" time="0.787" /><testcase classname="tests.backend_test.TestAuth" name="test_verify_otp_returns_token_and_user" time="1.223" /><testcase classname="tests.test_iteration3.TestAdminSettings" name="test_get_settings_as_admin" time="1.863" /><testcase classname="tests.test_iteration3.TestAdminSettings" name="test_get_settings_as_superviseur" time="0.282" /><testcase classname="tests.backend_test.TestAuth" name="test_invalid_password_401" time="0.473" /><testcase classname="tests.backend_test.TestAuth" name="test_unknown_email_401" time="0.353" /><testcase classname="tests.backend_test.TestAuth" name="test_wrong_otp_code_400" time="0.902" /><testcase classname="tests.test_iteration3.TestAdminSettings" name="test_get_settings_forbidden_for_comptable" time="1.879" /><testcase classname="tests.backend_test.TestAuth" name="test_invalid_session_token_400" time="0.243" /><testcase classname="tests.test_iteration3.TestAdminSettings" name="test_get_settings_forbidden_for_client" time="0.179" /><testcase classname="tests.backend_test.TestAuth" name="test_otp_single_use" time="1.454" /><testcase classname="tests.test_iteration3.TestAdminSettings" name="test_get_settings_unauthenticated" time="0.370" /><testcase classname="tests.test_iteration3.TestAdminSettings" name="test_update_settings_and_masking" time="2.968" /><testcase classname="tests.backend_test.TestAuth" name="test_me_with_valid_token" time="0.193" /><testcase classname="tests.backend_test.TestAuth" name="test_me_without_token_401" time="0.157" /><testcase classname="tests.backend_test.TestAuth" name="test_me_with_bad_token_401" time="0.126" /><testcase classname="tests.test_iteration4.TestContactsCreate" name="test_create_client_scope_contact" time="0.653" /><testcase classname="tests.test_iteration4.TestContactsCreate" name="test_create_client_scope_without_tenant_id_400" time="0.172" /><testcase classname="tests.test_iteration4.TestContactsCreate" name="test_create_client_scope_unknown_tenant_404" time="0.285" /><testcase classname="tests.test_iteration4.TestContactsCreate" name="test_create_cabinet_scope_no_tenant_needed" time="0.285" /><testcase classname="tests.test_iteration4.TestContactsCreate" name="test_create_requires_email_or_phone" time="0.277" /><testcase classname="tests.test_iteration3.TestAdminSettings" name="test_update_settings_forbidden_for_comptable" time="0.263" /><testcase classname="tests.test_iteration4.TestContactsCreate" name="test_create_as_client_forbidden" time="0.237" /><testcase classname="tests.test_iteration3.TestAdminSettings" name="test_wa_test_disabled_returns_ok_false" time="0.395" /><testcase classname="tests.test_iteration4.TestContactsCreate" name="test_create_invalid_function_rejected" time="0.193" /><testcase classname="tests.test_iteration4.TestContactsCreate" name="test_create_invalid_channel_rejected" time="0.177" /><testcase classname="tests.test_iteration3.TestAdminSettings" name="test_wa_test_rejects_bad_phone" time="0.185" /><testcase classname="tests.test_iteration4.TestContactsCreate" name="test_create_invalid_scope_rejected" time="0.172" /><testcase classname="tests.test_iteration3.TestAdminSettings" name="test_wa_test_forbidden_for_client" time="0.285" /><testcase classname="tests.test_iteration4.TestContactsCreate" name="test_create_invalid_email_rejected" time="1.002" /><testcase classname="tests.test_reports_notifications.TestCronWebhook" name="test_secret_present" time="0.000" /><testcase classname="tests.test_reports_notifications.TestCronWebhook" name="test_no_auth_header_401" time="0.201" /><testcase classname="tests.test_reports_notifications.TestCronWebhook" name="test_wrong_token_401" time="0.143" /><testcase classname="tests.test_reports_notifications.TestCronWebhook" name="test_malformed_scheme_401" time="0.124" /><testcase classname="tests.test_reports_notifications.TestCronWebhook" name="test_valid_token_and_idempotency" time="0.574" /><testcase classname="tests.test_iteration4.TestReportSendRouting" name="test_send_with_no_eligible_contacts_400" time="2.167" /><testcase classname="tests.test_reports_notifications.TestCronWebhook" name="test_valid_token_without_webhook_id" time="0.154" /><testcase classname="tests.test_reports_notifications.TestCronWebhook" name="test_trigger_as_staff" time="0.402" /><testcase classname="tests.test_iteration4.TestReportSendRouting" name="test_send_skips_optout_contacts" time="1.048" /><testcase classname="tests.test_reports_notifications.TestCronWebhook" name="test_trigger_as_client_forbidden" time="0.182" /><testcase classname="tests.test_reports_notifications.TestCronWebhook" name="test_trigger_requires_auth" time="0.143" /><testcase classname="tests.test_iteration4.TestReportSendRouting" name="test_send_skips_wa_only_contacts" time="0.858" /><testcase classname="tests.test_rbac_edge.TestRbacEdge" name="test_non_superviseur_staff_has_staff_access" time="3.253" /><testcase classname="tests.test_iteration4.TestReportSendRouting" name="test_send_skips_inactive_contacts" time="1.392" /><testcase classname="tests.test_iteration4.TestReportSendRouting" name="test_send_to_contacts_cross_tenant_filtered" time="0.858" /><testcase classname="tests.test_rbac_edge.TestRbacEdge" name="test_client_forbidden_on_staff_routes" time="0.887" /><testcase classname="tests.test_iteration4.TestReportSendRouting" name="test_send_with_explicit_to" time="1.319" /><testcase classname="tests.test_rbac_edge.TestRbacEdge" name="test_client_cannot_patch_or_delete_mission" time="0.906" /><testcase classname="tests.test_iteration4.TestReportSendRouting" name="test_send_to_eligible_contacts" time="28.117"><skipped type="pytest.skip" message="external email proxy rate-limited (429): 502">/app/backend/tests/test_iteration4.py:474: external email proxy rate-limited (429): 502</skipped></testcase><testcase classname="tests.test_rbac_edge.TestRbacEdge" name="test_client_cannot_patch_echeance" time="0.977" /><testcase classname="tests.test_rbac_edge.TestRbacEdge" name="test_client_cannot_spoof_tenant_on_upload" time="2.760" /><testcase classname="tests.test_rbac_edge.TestRbacEdge" name="test_deactivated_account_cannot_login_or_use_token" time="2.915" /><testcase classname="tests.test_rbac_edge.TestRbacEdge" name="test_token_of_deleted_user_rejected" time="2.452" /><testcase classname="tests.test_rbac_edge.TestRbacEdge" name="test_patch_client_empty_payload_400" time="1.674" /><testcase classname="tests.backend_test.TestMissions" name="test_staff_sees_all_missions" time="0.286" /><testcase classname="tests.backend_test.TestMissions" name="test_create_mission_and_scoping" time="2.430" /><testcase classname="tests.backend_test.TestMissions" name="test_client_cannot_create_mission" time="0.173" /><testcase classname="tests.backend_test.TestMissions" name="test_patch_mission_status" time="0.974" /><testcase classname="tests.backend_test.TestMissions" name="test_invalid_mission_type_422" time="0.172" /><testcase classname="tests.backend_test.TestMissions" name="test_patch_unknown_mission_404" time="0.280" /><testcase classname="tests.backend_test.TestMissions" name="test_delete_mission" time="2.710" /><testcase classname="tests.test_iteration3.TestReportNumbering" name="test_sequence_per_client_type_month" time="6.386" /><testcase classname="tests.test_iteration3.TestReportNumbering" name="test_different_client_same_month_starts_at_one" time="1.776" /><testcase classname="tests.test_iteration3.TestReportNumbering" name="test_default_month_is_current" time="1.534" /><testcase classname="tests.test_iteration3.TestReportNumbering" name="test_invalid_kind_400" time="0.189" /><testcase classname="tests.test_iteration3.TestReportNumbering" name="test_invalid_month_400" time="0.169" /><testcase classname="tests.test_iteration3.TestReportNumbering" name="test_unknown_client_404" time="0.281" /><testcase classname="tests.test_iteration4.TestReportSendRouting" name="test_send_default_falls_back_to_client_email" time="4.932"><skipped type="pytest.skip" message="proxy email a rejeté client2@albarka-demo.bf (undeliverable_recipient / 429)">/app/backend/tests/test_iteration4.py:490: proxy email a rejeté client2@albarka-demo.bf (undeliverable_recipient / 429)</skipped></testcase><testcase classname="tests.test_iteration3.TestReportNumbering" name="test_client_cannot_generate" time="3.926" /><testcase classname="tests.test_iteration3.TestReportListDownloadIsolation" name="test_list_sorted_desc_and_filters" time="2.363" /><testcase classname="tests.test_iteration4.TestReportSendRouting" name="test_send_as_client_forbidden" time="2.862" /><testcase classname="tests.test_iteration3.TestReportListDownloadIsolation" name="test_client_cannot_list_other_tenant" time="0.174" /><testcase classname="tests.test_iteration3.TestReportListDownloadIsolation" name="test_download_pdf" time="2.389" /><testcase classname="tests.test_reports_notifications.TestClientReportPdf" name="test_report_as_superviseur" time="0.690" /><testcase classname="tests.test_reports_notifications.TestClientReportPdf" name="test_report_content_parseable" time="0.704" /><testcase classname="tests.test_iteration3.TestReportListDownloadIsolation" name="test_download_pdf_contains_number_and_kind" time="2.408" /><testcase classname="tests.test_reports_notifications.TestClientReportPdf" name="test_report_as_comptable_multirole" time="0.700" /><testcase classname="tests.test_reports_notifications.TestClientReportPdf" name="test_report_as_own_client" time="0.733" /><testcase classname="tests.test_reports_notifications.TestClientReportPdf" name="test_report_other_tenant_forbidden" time="0.255" /><testcase classname="tests.test_reports_notifications.TestClientReportPdf" name="test_report_unknown_tenant_404" time="0.269" /><testcase classname="tests.test_reports_notifications.TestClientReportPdf" name="test_report_requires_auth" time="0.225" /><testcase classname="tests.test_iteration3.TestReportSendSignDelete" name="test_send_report_email" time="28.640"><skipped type="pytest.skip" message="proxy email externe indisponible / rate-limited (429)">/app/backend/tests/test_iteration3.py:371: proxy email externe indisponible / rate-limited (429)</skipped></testcase><testcase classname="tests.test_iteration3.TestReportListDownloadIsolation" name="test_download_cross_tenant_403" time="0.554" /><testcase classname="tests.test_iteration3.TestReportListDownloadIsolation" name="test_download_unknown_404" time="0.287" /><testcase classname="tests.test_iteration3.TestReportListDownloadIsolation" name="test_download_unauthenticated_401" time="2.682" /><testcase classname="tests.test_iteration4.TestContactsUpdateDelete" name="test_patch_fields_persist" time="1.155" /><testcase classname="tests.test_iteration4.TestContactsUpdateDelete" name="test_patch_invalid_enums" time="0.737" /><testcase classname="tests.test_iteration4.TestContactsUpdateDelete" name="test_patch_unknown_id_404" time="0.284" /><testcase classname="tests.test_iteration4.TestContactsUpdateDelete" name="test_client_cannot_patch_or_delete" time="0.733" /><testcase classname="tests.test_iteration4.TestContactsUpdateDelete" name="test_delete_removes_contact" time="1.324" /><testcase classname="tests.test_iteration4.TestContactsUpdateDelete" name="test_comptable_can_manage" time="1.971" /><testcase classname="tests.backend_test.TestEcheances" name="test_list_staff_and_client_scoping" time="1.446" /><testcase classname="tests.backend_test.TestEcheances" name="test_client_cannot_create_echeance" time="0.183" /><testcase classname="tests.backend_test.TestEcheances" name="test_patch_echeance_status" time="0.952" /><testcase classname="tests.backend_test.TestEcheances" name="test_invalid_echeance_type_422" time="0.174" /><testcase classname="tests.backend_test.TestEcheances" name="test_delete_echeance" time="2.749" /><testcase classname="tests.test_reports_notifications.TestManualNotify" name="test_notify_as_staff" time="0.653" /><testcase classname="tests.test_reports_notifications.TestManualNotify" name="test_notify_as_comptable_multirole" time="0.376" /><testcase classname="tests.test_reports_notifications.TestManualNotify" name="test_notify_as_client_forbidden" time="0.164" /><testcase classname="tests.test_reports_notifications.TestManualNotify" name="test_notify_unknown_id_404" time="0.295" /><testcase classname="tests.test_reports_notifications.TestManualNotify" name="test_notify_requires_auth" time="0.463" /><testcase classname="tests.test_iteration3.TestNotificationGates" name="test_notify_echeance_skips_inactive_and_unauthorized" time="0.389" /><testcase classname="tests.test_iteration3.TestNotificationGates" name="test_send_whatsapp_returns_none_when_disabled" time="1.341" /><testcase classname="tests.test_iteration3.TestNotificationGates" name="test_send_whatsapp_returns_none_when_enabled_but_unconfigured" time="1.372" /><testcase classname="tests.test_iteration3.TestNotificationGates" name="test_notify_upload_filters_unauthorized_staff" time="0.423" /><testcase classname="tests.test_iteration4.TestContactsIsolation" name="test_client_sees_only_own" time="1.362" /><testcase classname="tests.test_iteration4.TestContactsIsolation" name="test_client_cannot_force_cabinet_scope" time="0.544" /><testcase classname="tests.test_iteration4.TestContactsIsolation" name="test_staff_filters" time="0.561" /><testcase classname="tests.test_iteration4.TestContactsIsolation" name="test_unauthenticated_rejected" time="1.315" /><testcase classname="tests.test_reports_notifications.TestMultiRole" name="test_superviseur_roles_and_access" time="2.127" /><testcase classname="tests.test_reports_notifications.TestMultiRole" name="test_comptable_cumulative_roles" time="1.149" /><testcase classname="tests.test_reports_notifications.TestMultiRole" name="test_client_cannot_list_staff" time="0.175" /><testcase classname="tests.test_reports_notifications.TestMultiRole" name="test_client_scoped_data" time="0.267" /><testcase classname="tests.backend_test.TestDashboard" name="test_summary_staff" time="1.003" /><testcase classname="tests.test_iteration3.TestReportSendSignDelete" name="test_send_client_forbidden" time="0.469" /><testcase classname="tests.test_iteration3.TestReportSendSignDelete" name="test_send_unknown_404" time="0.286" /><testcase classname="tests.backend_test.TestDashboard" name="test_summary_client_scoped" time="0.795" /><testcase classname="tests.test_iteration3.TestReportSendSignDelete" name="test_sign_then_double_sign_then_delete" time="4.538" /><testcase classname="tests.backend_test.TestDashboard" name="test_activity" time="0.492" /><testcase classname="tests.test_iteration4.TestContactsPrimary" name="test_auto_demote_on_create" time="1.273" /><testcase classname="tests.test_iteration4.TestContactsPrimary" name="test_patch_primary_demotes_others" time="1.874" /><testcase classname="tests.test_iteration4.TestContactsPrimary" name="test_primary_scoped_per_tenant" time="0.575" /><testcase classname="tests.test_iteration3.TestReportSendSignDelete" name="test_sign_validation_error" time="0.449" /><testcase classname="tests.test_iteration4.TestSettingsEmailDomain" name="test_put_and_get_email_fields" time="1.561" /><testcase classname="tests.test_iteration3.TestReportSendSignDelete" name="test_client_cannot_sign_or_delete" time="1.922" /><testcase classname="tests.test_iteration4.TestSettingsEmailDomain" name="test_wa_token_still_masked" time="0.281" /><testcase classname="tests.test_iteration4.TestSettingsEmailDomain" name="test_client_cannot_read_settings" time="1.315" /><testcase classname="tests.test_iteration4.TestNotifyUploadWhatsAppGuardrail" name="test_wa_optin_but_wa_disabled_silent_skip" time="2.301" /><testcase classname="tests.backend_test.TestHealth" name="test_health" time="0.233" /><testcase classname="tests.backend_test.TestHealth" name="test_root" time="0.150" /><testcase classname="tests.backend_test.TestMisc" name="test_storage_mode_meta_route" time="0.175" /><testcase classname="tests.backend_test.TestMisc" name="test_documents_requires_auth" time="0.139" /><testcase classname="tests.test_iteration3.TestAdminAccount" name="test_admin_login_and_roles" time="1.196" /><testcase classname="tests.test_iteration4.TestNotifyUploadWhatsAppGuardrail" name="test_wa_optout_never_attempts_wa" time="1.663" /><testcase classname="tests.test_iteration3.TestAdminAccount" name="test_seed_accounts_present" time="0.205" /><testcase classname="tests.test_iteration3.TestNotifyUpload" name="test_client_upload_triggers_notify_upload" time="9.878" /><testcase classname="tests.test_iteration4.TestNotifyUploadWhatsAppGuardrail" name="test_notif_upload_disabled_short_circuits" time="1.484" /><testcase classname="tests.test_iteration4.TestSendEmailPayloadUsesSettings" name="test_payload_fields" time="1.509" /><testcase classname="tests.test_iteration4.TestSendEmailPayloadUsesSettings" name="test_explicit_reply_to_overrides_settings" time="1.155" /><testcase classname="tests.test_reports_notifications.TestEmailTransport" name="test_send_email_returns_id" time="1.229"><skipped type="pytest.skip" message="proxy Resend a rejeté l'envoi (429/limite externe)">/app/backend/tests/test_reports_notifications.py:290: proxy Resend a rejeté l'envoi (429/limite externe)</skipped></testcase><testcase classname="tests.test_reports_notifications.TestEmailTransport" name="test_notify_echeance_skips_whatsapp_silently" time="1.472"><skipped type="pytest.skip" message="proxy Resend a rejeté l'envoi (429/limite externe)">/app/backend/tests/test_reports_notifications.py:309: proxy Resend a rejeté l'envoi (429/limite externe)</skipped></testcase><testcase classname="tests.test_iteration3.TestCanReceiveNotificationsField" name="test_create_client_with_flag_and_update" time="2.138" /><testcase classname="tests.test_iteration4.TestNotifiableContactsHelper" name="test_helper_filters" time="4.002" /><testcase classname="tests.test_iteration3.TestNotifyUpload" name="test_staff_upload_does_not_notify" time="1.736" /><testcase classname="tests.test_reports_notifications.TestNotificationPipelineE2E" name="test_trigger_sends_and_dedups" time="2.329" /><testcase classname="tests.test_reports_notifications.TestHealth" name="test_health_storage_r2" time="0.257" /><testcase classname="tests.test_reports_notifications.TestNotificationPipelineE2E" name="test_dedup_row_suppresses_resend" time="2.215" /></testsuite></testsuites>