<?xml version="1.0" encoding="utf-8"?><testsuites name="pytest tests"><testsuite name="pytest" errors="0" failures="0" skipped="2" tests="15" time="16.583" timestamp="2026-09-04T18:41:25.693045+00:00" hostname="agent-env-e67ab5cf-26bc-4a46-a8f0-8db1a3adb3dd"><testcase classname="tests.test_iteration9_phaseA.TestPatchUser" name="test_patch_staff_fields_and_email_immutable" time="8.174" /><testcase classname="tests.test_iteration9_phaseA.TestAdministrateurRole" name="test_role_persisted_via_get" time="7.158" /><testcase classname="tests.test_iteration9_phaseA.TestAdministrateurRole" name="test_admin_only_user_can_login_and_access_admin_endpoints" time="2.286" /><testcase classname="tests.test_iteration9_phaseA.TestPatchUser" name="test_patch_client_company_phone" time="1.358" /><testcase classname="tests.test_iteration9_phaseA.TestPatchUser" name="test_patch_invalid_role_rejected" time="0.664" /><testcase classname="tests.test_iteration9_phaseA.TestPatchUser" name="test_patch_unknown_user_404" time="0.273" /><testcase classname="tests.test_iteration9_phaseA.TestPatchUser" name="test_patch_empty_payload_400" time="0.443" /><testcase classname="tests.test_iteration9_phaseA.TestAdministrateurRole" name="test_comptable_forbidden_on_admin_endpoints" time="2.064" /><testcase classname="tests.test_iteration9_phaseA.TestPatchUser" name="test_patch_requires_staff" time="1.585" /><testcase classname="tests.test_iteration9_phaseA.TestAdministrateurRole" name="test_client_role_rejected_on_staff_creation" time="0.199" /><testcase classname="tests.test_iteration9_phaseA.TestClientRegression" name="test_client_sees_own_data" time="2.080" /><testcase classname="tests.test_iteration9_phaseA.TestRoleInvariantsOnPatch" name="test_client_role_cannot_be_mixed_with_staff_roles" time="1.061"><skipped type="pytest.xfail" message="UserUpdate.roles accepts 'client' mixed with staff roles" /></testcase><testcase classname="tests.test_iteration9_phaseA.TestRoleInvariantsOnPatch" name="test_empty_roles_rejected" time="1.462"><skipped type="pytest.xfail" message="UserUpdate.roles accepts an empty list" /></testcase><testcase classname="tests.test_iteration9_phaseA.TestClientRegression" name="test_client_cannot_list_clients" time="1.533" /><testcase classname="tests.test_iteration9_phaseA.TestLastLogin" name="test_last_login_set_after_otp" time="0.553" /></testsuite></testsuites>