<?xml version="1.0" encoding="utf-8"?><testsuites name="pytest tests"><testsuite name="pytest" errors="0" failures="0" skipped="0" tests="90" time="47.984" timestamp="2026-09-02T14:03:21.285420+00:00" hostname="agent-env-e67ab5cf-26bc-4a46-a8f0-8db1a3adb3dd"><testcase classname="tests.backend_test.TestClients" name="test_list_clients_staff" time="2.943" /><testcase classname="tests.backend_test.TestDocuments" name="test_upload_pdf_as_client" time="4.906" /><testcase classname="tests.backend_test.TestClients" name="test_client_cannot_list_clients" time="1.438" /><testcase classname="tests.backend_test.TestClients" name="test_create_client_and_verify" time="1.517" /><testcase classname="tests.backend_test.TestClients" name="test_create_duplicate_client_409" time="0.305" /><testcase classname="tests.backend_test.TestClients" name="test_create_client_invalid_payload_422" time="0.184" /><testcase classname="tests.backend_test.TestDocuments" name="test_list_documents_scoped" time="2.008" /><testcase classname="tests.backend_test.TestClients" name="test_list_staff" time="0.307" /><testcase classname="tests.backend_test.TestClients" name="test_create_staff_and_login" time="1.814" /><testcase classname="tests.backend_test.TestDocuments" name="test_other_client_cannot_access" time="1.131" /><testcase classname="tests.backend_test.TestDocuments" name="test_download_url_mode" time="0.292" /><testcase classname="tests.backend_test.TestDocuments" name="test_download_binary" time="0.800" /><testcase classname="tests.backend_test.TestClients" name="test_create_staff_invalid_role_422" time="0.193" /><testcase classname="tests.backend_test.TestClients" name="test_create_staff_with_client_role_rejected" time="0.187" /><testcase classname="tests.backend_test.TestClients" name="test_patch_and_delete_client" time="1.954" /><testcase classname="tests.backend_test.TestDocuments" name="test_ai_analysis_completes" time="11.525" /><testcase classname="tests.backend_test.TestClients" name="test_delete_unknown_404" time="0.313" /><testcase classname="tests.backend_test.TestClients" name="test_delete_own_account_rejected" time="2.053" /><testcase classname="tests.backend_test.TestAuth" name="test_login_returns_needs_otp_and_dev_otp" time="0.547" /><testcase classname="tests.backend_test.TestAuth" name="test_verify_otp_returns_token_and_user" time="1.397" /><testcase classname="tests.backend_test.TestAuth" name="test_invalid_password_401" time="0.507" /><testcase classname="tests.backend_test.TestAuth" name="test_unknown_email_401" time="0.233" /><testcase classname="tests.backend_test.TestAuth" name="test_wrong_otp_code_400" time="0.881" /><testcase classname="tests.backend_test.TestAuth" name="test_invalid_session_token_400" time="0.281" /><testcase classname="tests.backend_test.TestAuth" name="test_otp_single_use" time="1.443" /><testcase classname="tests.backend_test.TestAuth" name="test_me_with_valid_token" time="0.774" /><testcase classname="tests.backend_test.TestAuth" name="test_me_without_token_401" time="0.121" /><testcase classname="tests.backend_test.TestAuth" name="test_me_with_bad_token_401" time="0.131" /><testcase classname="tests.test_reports_notifications.TestCronWebhook" name="test_secret_present" time="0.000" /><testcase classname="tests.test_reports_notifications.TestCronWebhook" name="test_no_auth_header_401" time="0.143" /><testcase classname="tests.test_reports_notifications.TestCronWebhook" name="test_wrong_token_401" time="0.163" /><testcase classname="tests.test_reports_notifications.TestCronWebhook" name="test_malformed_scheme_401" time="0.125" /><testcase classname="tests.test_reports_notifications.TestCronWebhook" name="test_valid_token_and_idempotency" time="1.205" /><testcase classname="tests.test_reports_notifications.TestCronWebhook" name="test_valid_token_without_webhook_id" time="0.170" /><testcase classname="tests.test_reports_notifications.TestCronWebhook" name="test_trigger_as_staff" time="0.409" /><testcase classname="tests.test_reports_notifications.TestCronWebhook" name="test_trigger_as_client_forbidden" time="0.175" /><testcase classname="tests.backend_test.TestDocuments" name="test_staff_can_view_client_document" time="2.126" /><testcase classname="tests.test_reports_notifications.TestCronWebhook" name="test_trigger_requires_auth" time="0.413" /><testcase classname="tests.backend_test.TestDocuments" name="test_upload_invalid_extension_400" time="0.176" /><testcase classname="tests.backend_test.TestDocuments" name="test_upload_invalid_kind_400" time="0.183" /><testcase classname="tests.backend_test.TestDocuments" name="test_staff_upload_without_tenant_id_400" time="0.187" /><testcase classname="tests.backend_test.TestDocuments" name="test_unknown_document_404" time="0.282" /><testcase classname="tests.test_rbac_edge.TestRbacEdge" name="test_non_superviseur_staff_has_staff_access" time="3.287" /><testcase classname="tests.backend_test.TestDocuments" name="test_zz_delete_document" time="0.780" /><testcase classname="tests.backend_test.TestMissions" name="test_staff_sees_all_missions" time="0.290" /><testcase classname="tests.backend_test.TestMissions" name="test_create_mission_and_scoping" time="1.792" /><testcase classname="tests.test_rbac_edge.TestRbacEdge" name="test_client_forbidden_on_staff_routes" time="0.878" /><testcase classname="tests.backend_test.TestMissions" name="test_client_cannot_create_mission" time="0.184" /><testcase classname="tests.test_rbac_edge.TestRbacEdge" name="test_client_cannot_patch_or_delete_mission" time="0.950" /><testcase classname="tests.backend_test.TestMissions" name="test_patch_mission_status" time="1.067" /><testcase classname="tests.test_rbac_edge.TestRbacEdge" name="test_client_cannot_patch_echeance" time="0.930" /><testcase classname="tests.backend_test.TestMissions" name="test_invalid_mission_type_422" time="0.182" /><testcase classname="tests.backend_test.TestMissions" name="test_patch_unknown_mission_404" time="0.313" /><testcase classname="tests.backend_test.TestMissions" name="test_delete_mission" time="2.859" /><testcase classname="tests.test_rbac_edge.TestRbacEdge" name="test_client_cannot_spoof_tenant_on_upload" time="3.509" /><testcase classname="tests.test_reports_notifications.TestClientReportPdf" name="test_report_as_superviseur" time="0.709" /><testcase classname="tests.test_reports_notifications.TestClientReportPdf" name="test_report_content_parseable" time="0.931" /><testcase classname="tests.test_rbac_edge.TestRbacEdge" name="test_deactivated_account_cannot_login_or_use_token" time="3.179" /><testcase classname="tests.test_reports_notifications.TestClientReportPdf" name="test_report_as_comptable_multirole" time="2.290" /><testcase classname="tests.test_reports_notifications.TestClientReportPdf" name="test_report_as_own_client" time="0.871" /><testcase classname="tests.test_rbac_edge.TestRbacEdge" name="test_token_of_deleted_user_rejected" time="2.382" /><testcase classname="tests.test_reports_notifications.TestClientReportPdf" name="test_report_other_tenant_forbidden" time="0.321" /><testcase classname="tests.test_reports_notifications.TestClientReportPdf" name="test_report_unknown_tenant_404" time="0.346" /><testcase classname="tests.test_reports_notifications.TestClientReportPdf" name="test_report_requires_auth" time="0.229" /><testcase classname="tests.test_reports_notifications.TestManualNotify" name="test_notify_as_staff" time="0.750" /><testcase classname="tests.test_rbac_edge.TestRbacEdge" name="test_patch_client_empty_payload_400" time="1.849" /><testcase classname="tests.test_reports_notifications.TestManualNotify" name="test_notify_as_comptable_multirole" time="0.571" /><testcase classname="tests.test_reports_notifications.TestManualNotify" name="test_notify_as_client_forbidden" time="0.182" /><testcase classname="tests.test_reports_notifications.TestManualNotify" name="test_notify_unknown_id_404" time="0.312" /><testcase classname="tests.test_reports_notifications.TestManualNotify" name="test_notify_requires_auth" time="0.515" /><testcase classname="tests.test_reports_notifications.TestMultiRole" name="test_superviseur_roles_and_access" time="2.236" /><testcase classname="tests.backend_test.TestEcheances" name="test_list_staff_and_client_scoping" time="1.524" /><testcase classname="tests.backend_test.TestEcheances" name="test_client_cannot_create_echeance" time="0.184" /><testcase classname="tests.backend_test.TestEcheances" name="test_patch_echeance_status" time="1.006" /><testcase classname="tests.test_reports_notifications.TestMultiRole" name="test_comptable_cumulative_roles" time="1.121" /><testcase classname="tests.backend_test.TestEcheances" name="test_invalid_echeance_type_422" time="0.190" /><testcase classname="tests.backend_test.TestEcheances" name="test_delete_echeance" time="2.824" /><testcase classname="tests.test_reports_notifications.TestMultiRole" name="test_client_cannot_list_staff" time="0.182" /><testcase classname="tests.test_reports_notifications.TestMultiRole" name="test_client_scoped_data" time="0.282" /><testcase classname="tests.backend_test.TestHealth" name="test_health" time="0.201" /><testcase classname="tests.backend_test.TestHealth" name="test_root" time="0.136" /><testcase classname="tests.backend_test.TestMisc" name="test_storage_mode_meta_route" time="0.383" /><testcase classname="tests.backend_test.TestMisc" name="test_documents_requires_auth" time="0.172" /><testcase classname="tests.test_reports_notifications.TestEmailTransport" name="test_send_email_returns_id" time="0.267" /><testcase classname="tests.test_reports_notifications.TestEmailTransport" name="test_notify_echeance_skips_whatsapp_silently" time="0.197" /><testcase classname="tests.test_reports_notifications.TestHealth" name="test_health_storage_r2" time="0.145" /><testcase classname="tests.test_reports_notifications.TestNotificationPipelineE2E" name="test_trigger_sends_and_dedups" time="1.959" /><testcase classname="tests.backend_test.TestDashboard" name="test_summary_staff" time="1.022" /><testcase classname="tests.backend_test.TestDashboard" name="test_summary_client_scoped" time="0.846" /><testcase classname="tests.backend_test.TestDashboard" name="test_activity" time="0.499" /></testsuite></testsuites>