<?xml version="1.0" encoding="utf-8"?><testsuites name="pytest tests"><testsuite name="pytest" errors="0" failures="1" skipped="0" tests="130" time="79.217" timestamp="2026-09-02T18:29:53.398988+00:00" hostname="agent-env-e67ab5cf-26bc-4a46-a8f0-8db1a3adb3dd"><testcase classname="tests.backend_test.TestClients" name="test_list_clients_staff" time="1.627" /><testcase classname="tests.backend_test.TestDocuments" name="test_upload_pdf_as_client" time="3.948" /><testcase classname="tests.backend_test.TestClients" name="test_client_cannot_list_clients" time="1.445" /><testcase classname="tests.backend_test.TestClients" name="test_create_client_and_verify" time="1.367" /><testcase classname="tests.backend_test.TestClients" name="test_create_duplicate_client_409" time="0.317" /><testcase classname="tests.backend_test.TestClients" name="test_create_client_invalid_payload_422" time="0.182" /><testcase classname="tests.backend_test.TestClients" name="test_list_staff" time="0.278" /><testcase classname="tests.backend_test.TestDocuments" name="test_list_documents_scoped" time="2.011" /><testcase classname="tests.backend_test.TestClients" name="test_create_staff_and_login" time="1.801" /><testcase classname="tests.backend_test.TestDocuments" name="test_other_client_cannot_access" time="1.024" /><testcase classname="tests.backend_test.TestDocuments" name="test_download_url_mode" time="0.282" /><testcase classname="tests.backend_test.TestClients" name="test_create_staff_invalid_role_422" time="0.198" /><testcase classname="tests.backend_test.TestClients" name="test_create_staff_with_client_role_rejected" time="0.188" /><testcase classname="tests.backend_test.TestDocuments" name="test_download_binary" time="0.852" /><testcase classname="tests.backend_test.TestClients" name="test_patch_and_delete_client" time="1.855" /><testcase classname="tests.backend_test.TestDocuments" name="test_ai_analysis_completes" time="5.964" /><testcase classname="tests.backend_test.TestClients" name="test_delete_unknown_404" time="0.276" /><testcase classname="tests.backend_test.TestClients" name="test_delete_own_account_rejected" time="2.034" /><testcase classname="tests.backend_test.TestAuth" name="test_login_returns_needs_otp_and_dev_otp" time="0.568" /><testcase classname="tests.backend_test.TestAuth" name="test_verify_otp_returns_token_and_user" time="1.163" /><testcase classname="tests.backend_test.TestAuth" name="test_invalid_password_401" time="0.452" /><testcase classname="tests.backend_test.TestAuth" name="test_unknown_email_401" time="0.280" /><testcase classname="tests.backend_test.TestAuth" name="test_wrong_otp_code_400" time="0.983" /><testcase classname="tests.backend_test.TestAuth" name="test_invalid_session_token_400" time="0.256" /><testcase classname="tests.backend_test.TestAuth" name="test_otp_single_use" time="1.610" /><testcase classname="tests.backend_test.TestDocuments" name="test_staff_can_view_client_document" time="2.216" /><testcase classname="tests.backend_test.TestDocuments" name="test_upload_invalid_extension_400" time="0.187" /><testcase classname="tests.backend_test.TestDocuments" name="test_upload_invalid_kind_400" time="0.175" /><testcase classname="tests.backend_test.TestDocuments" name="test_staff_upload_without_tenant_id_400" time="0.174" /><testcase classname="tests.backend_test.TestDocuments" name="test_unknown_document_404" time="0.272" /><testcase classname="tests.backend_test.TestAuth" name="test_me_with_valid_token" time="0.180" /><testcase classname="tests.backend_test.TestAuth" name="test_me_without_token_401" time="0.177" /><testcase classname="tests.backend_test.TestDocuments" name="test_zz_delete_document" time="0.768" /><testcase classname="tests.backend_test.TestAuth" name="test_me_with_bad_token_401" time="0.156" /><testcase classname="tests.test_reports_notifications.TestCronWebhook" name="test_secret_present" time="0.000" /><testcase classname="tests.test_reports_notifications.TestCronWebhook" name="test_no_auth_header_401" time="0.162" /><testcase classname="tests.test_reports_notifications.TestCronWebhook" name="test_wrong_token_401" time="0.134" /><testcase classname="tests.test_reports_notifications.TestCronWebhook" name="test_malformed_scheme_401" time="0.157" /><testcase classname="tests.test_reports_notifications.TestCronWebhook" name="test_valid_token_and_idempotency" time="0.772" /><testcase classname="tests.test_reports_notifications.TestCronWebhook" name="test_valid_token_without_webhook_id" time="0.152" /><testcase classname="tests.test_reports_notifications.TestCronWebhook" name="test_trigger_as_staff" time="0.421" /><testcase classname="tests.test_iteration3.TestAdminSettings" name="test_get_settings_as_admin" time="1.688" /><testcase classname="tests.test_reports_notifications.TestCronWebhook" name="test_trigger_as_client_forbidden" time="0.202" /><testcase classname="tests.test_reports_notifications.TestCronWebhook" name="test_trigger_requires_auth" time="0.140" /><testcase classname="tests.test_iteration3.TestAdminSettings" name="test_get_settings_as_superviseur" time="0.464" /><testcase classname="tests.test_rbac_edge.TestRbacEdge" name="test_non_superviseur_staff_has_staff_access" time="3.637" /><testcase classname="tests.test_iteration3.TestAdminSettings" name="test_get_settings_forbidden_for_comptable" time="1.457" /><testcase classname="tests.test_iteration3.TestAdminSettings" name="test_get_settings_forbidden_for_client" time="0.172" /><testcase classname="tests.test_iteration3.TestAdminSettings" name="test_get_settings_unauthenticated" time="0.189" /><testcase classname="tests.test_iteration3.TestAdminSettings" name="test_update_settings_and_masking" time="2.968" /><testcase classname="tests.test_rbac_edge.TestRbacEdge" name="test_client_forbidden_on_staff_routes" time="0.950" /><testcase classname="tests.test_rbac_edge.TestRbacEdge" name="test_client_cannot_patch_or_delete_mission" time="1.024" /><testcase classname="tests.test_iteration3.TestAdminSettings" name="test_update_settings_forbidden_for_comptable" time="0.173" /><testcase classname="tests.test_iteration3.TestAdminSettings" name="test_wa_test_disabled_returns_ok_false" time="0.409" /><testcase classname="tests.test_rbac_edge.TestRbacEdge" name="test_client_cannot_patch_echeance" time="0.915" /><testcase classname="tests.test_iteration3.TestAdminSettings" name="test_wa_test_rejects_bad_phone" time="0.181" /><testcase classname="tests.test_iteration3.TestAdminSettings" name="test_wa_test_forbidden_for_client" time="0.321" /><testcase classname="tests.backend_test.TestMissions" name="test_staff_sees_all_missions" time="0.286" /><testcase classname="tests.backend_test.TestMissions" name="test_create_mission_and_scoping" time="1.934" /><testcase classname="tests.test_rbac_edge.TestRbacEdge" name="test_client_cannot_spoof_tenant_on_upload" time="3.396" /><testcase classname="tests.backend_test.TestMissions" name="test_client_cannot_create_mission" time="0.173" /><testcase classname="tests.backend_test.TestMissions" name="test_patch_mission_status" time="0.953" /><testcase classname="tests.backend_test.TestMissions" name="test_invalid_mission_type_422" time="0.193" /><testcase classname="tests.backend_test.TestMissions" name="test_patch_unknown_mission_404" time="0.277" /><testcase classname="tests.test_rbac_edge.TestRbacEdge" name="test_deactivated_account_cannot_login_or_use_token" time="3.105" /><testcase classname="tests.backend_test.TestMissions" name="test_delete_mission" time="3.110" /><testcase classname="tests.test_rbac_edge.TestRbacEdge" name="test_token_of_deleted_user_rejected" time="2.301" /><testcase classname="tests.test_iteration3.TestReportNumbering" name="test_sequence_per_client_type_month" time="8.222" /><testcase classname="tests.test_rbac_edge.TestRbacEdge" name="test_patch_client_empty_payload_400" time="1.783" /><testcase classname="tests.test_iteration3.TestReportListDownloadIsolation" name="test_list_sorted_desc_and_filters" time="0.961" /><testcase classname="tests.test_iteration3.TestReportListDownloadIsolation" name="test_client_cannot_list_other_tenant" time="0.226" /><testcase classname="tests.test_iteration3.TestReportListDownloadIsolation" name="test_download_pdf" time="1.300" /><testcase classname="tests.test_iteration3.TestReportListDownloadIsolation" name="test_download_pdf_contains_number_and_kind" time="3.258" /><testcase classname="tests.test_iteration3.TestReportNumbering" name="test_different_client_same_month_starts_at_one" time="2.627" /><testcase classname="tests.test_iteration3.TestReportListDownloadIsolation" name="test_download_cross_tenant_403" time="0.743" /><testcase classname="tests.test_iteration3.TestReportListDownloadIsolation" name="test_download_unknown_404" time="0.289" /><testcase classname="tests.test_iteration3.TestReportListDownloadIsolation" name="test_download_unauthenticated_401" time="1.694" /><testcase classname="tests.test_iteration3.TestReportNumbering" name="test_default_month_is_current" time="2.315" /><testcase classname="tests.test_reports_notifications.TestClientReportPdf" name="test_report_as_superviseur" time="0.771" /><testcase classname="tests.test_reports_notifications.TestClientReportPdf" name="test_report_content_parseable" time="0.790" /><testcase classname="tests.test_iteration3.TestReportNumbering" name="test_invalid_kind_400" time="0.188" /><testcase classname="tests.test_iteration3.TestReportNumbering" name="test_invalid_month_400" time="0.170" /><testcase classname="tests.test_iteration3.TestReportNumbering" name="test_unknown_client_404" time="0.287" /><testcase classname="tests.test_iteration3.TestReportNumbering" name="test_client_cannot_generate" time="3.171" /><testcase classname="tests.test_reports_notifications.TestClientReportPdf" name="test_report_as_comptable_multirole" time="0.716" /><testcase classname="tests.test_reports_notifications.TestClientReportPdf" name="test_report_as_own_client" time="0.812" /><testcase classname="tests.test_reports_notifications.TestClientReportPdf" name="test_report_other_tenant_forbidden" time="0.274" /><testcase classname="tests.test_reports_notifications.TestClientReportPdf" name="test_report_unknown_tenant_404" time="0.306" /><testcase classname="tests.test_reports_notifications.TestClientReportPdf" name="test_report_requires_auth" time="0.232" /><testcase classname="tests.backend_test.TestEcheances" name="test_list_staff_and_client_scoping" time="1.480" /><testcase classname="tests.test_iteration3.TestReportSendSignDelete" name="test_send_report_email" time="4.340" /><testcase classname="tests.backend_test.TestEcheances" name="test_client_cannot_create_echeance" time="0.208" /><testcase classname="tests.backend_test.TestEcheances" name="test_patch_echeance_status" time="1.001" /><testcase classname="tests.backend_test.TestEcheances" name="test_invalid_echeance_type_422" time="0.185" /><testcase classname="tests.backend_test.TestEcheances" name="test_delete_echeance" time="2.647" /><testcase classname="tests.test_iteration3.TestReportSendSignDelete" name="test_send_client_forbidden" time="0.472" /><testcase classname="tests.test_iteration3.TestReportSendSignDelete" name="test_send_unknown_404" time="0.299" /><testcase classname="tests.test_reports_notifications.TestManualNotify" name="test_notify_as_staff" time="0.677" /><testcase classname="tests.test_iteration3.TestReportSendSignDelete" name="test_sign_then_double_sign_then_delete" time="5.048" /><testcase classname="tests.test_reports_notifications.TestManualNotify" name="test_notify_as_comptable_multirole" time="0.387" /><testcase classname="tests.test_reports_notifications.TestManualNotify" name="test_notify_as_client_forbidden" time="0.170" /><testcase classname="tests.test_reports_notifications.TestManualNotify" name="test_notify_unknown_id_404" time="0.267" /><testcase classname="tests.test_reports_notifications.TestManualNotify" name="test_notify_requires_auth" time="0.424" /><testcase classname="tests.test_iteration3.TestNotificationGates" name="test_notify_echeance_skips_inactive_and_unauthorized" time="0.062" /><testcase classname="tests.test_iteration3.TestNotificationGates" name="test_send_whatsapp_returns_none_when_disabled" time="1.511" /><testcase classname="tests.test_iteration3.TestNotificationGates" name="test_send_whatsapp_returns_none_when_enabled_but_unconfigured" time="0.214" /><testcase classname="tests.test_iteration3.TestNotificationGates" name="test_notify_upload_filters_unauthorized_staff" time="0.418" /><testcase classname="tests.test_reports_notifications.TestMultiRole" name="test_superviseur_roles_and_access" time="2.104" /><testcase classname="tests.test_iteration3.TestReportSendSignDelete" name="test_sign_validation_error" time="0.530" /><testcase classname="tests.test_iteration3.TestReportSendSignDelete" name="test_client_cannot_sign_or_delete" time="1.716" /><testcase classname="tests.test_reports_notifications.TestMultiRole" name="test_comptable_cumulative_roles" time="1.120" /><testcase classname="tests.test_reports_notifications.TestMultiRole" name="test_client_cannot_list_staff" time="0.193" /><testcase classname="tests.test_reports_notifications.TestMultiRole" name="test_client_scoped_data" time="0.296" /><testcase classname="tests.backend_test.TestDashboard" name="test_summary_staff" time="1.275" /><testcase classname="tests.backend_test.TestHealth" name="test_health" time="0.191" /><testcase classname="tests.backend_test.TestHealth" name="test_root" time="0.119" /><testcase classname="tests.backend_test.TestMisc" name="test_storage_mode_meta_route" time="0.178" /><testcase classname="tests.backend_test.TestMisc" name="test_documents_requires_auth" time="0.142" /><testcase classname="tests.test_iteration3.TestAdminAccount" name="test_admin_login_and_roles" time="1.122" /><testcase classname="tests.backend_test.TestDashboard" name="test_summary_client_scoped" time="0.794" /><testcase classname="tests.test_iteration3.TestAdminAccount" name="test_seed_accounts_present" time="0.205" /><testcase classname="tests.backend_test.TestDashboard" name="test_activity" time="0.493" /><testcase classname="tests.test_iteration3.TestNotifyUpload" name="test_client_upload_triggers_notify_upload" time="10.476" /><testcase classname="tests.test_reports_notifications.TestNotificationPipelineE2E" name="test_trigger_sends_and_dedups" time="2.350" /><testcase classname="tests.test_reports_notifications.TestNotificationPipelineE2E" name="test_dedup_row_suppresses_resend" time="2.198" /><testcase classname="tests.test_iteration3.TestCanReceiveNotificationsField" name="test_create_client_with_flag_and_update" time="2.181" /><testcase classname="tests.test_reports_notifications.TestHealth" name="test_health_storage_r2" time="0.342" /><testcase classname="tests.test_iteration3.TestNotifyUpload" name="test_staff_upload_does_not_notify" time="2.455" /><testcase classname="tests.test_reports_notifications.TestEmailTransport" name="test_send_email_returns_id" time="0.293" /><testcase classname="tests.test_reports_notifications.TestEmailTransport" name="test_notify_echeance_skips_whatsapp_silently" time="0.205"><failure message="AssertionError: {'email_id': None, 'wa_sid': None, 'sent_email': False, 'sent_wa': False}&#10;assert False is True">E   AssertionError: {'email_id': None, 'wa_sid': None, 'sent_email': False, 'sent_wa': False}
    assert False is True</failure></testcase></testsuite></testsuites>